\BOOKMARK [0][-]{chapter.1}{\376\377\0001\000\040\000H\000i\000e\000r\000a\000r\000c\000h\000i\000c\000a\000l\000\040\000I\000n\000d\000e\000x}{}% 1
\BOOKMARK [1][-]{section.1.1}{\376\377\0001\000.\0001\000\040\000C\000l\000a\000s\000s\000\040\000H\000i\000e\000r\000a\000r\000c\000h\000y}{chapter.1}% 2
\BOOKMARK [0][-]{chapter.2}{\376\377\0002\000\040\000C\000l\000a\000s\000s\000\040\000I\000n\000d\000e\000x}{}% 3
\BOOKMARK [1][-]{section.2.1}{\376\377\0002\000.\0001\000\040\000C\000l\000a\000s\000s\000\040\000L\000i\000s\000t}{chapter.2}% 4
\BOOKMARK [0][-]{chapter.3}{\376\377\0003\000\040\000F\000i\000l\000e\000\040\000I\000n\000d\000e\000x}{}% 5
\BOOKMARK [1][-]{section.3.1}{\376\377\0003\000.\0001\000\040\000F\000i\000l\000e\000\040\000L\000i\000s\000t}{chapter.3}% 6
\BOOKMARK [0][-]{chapter.4}{\376\377\0004\000\040\000C\000l\000a\000s\000s\000\040\000D\000o\000c\000u\000m\000e\000n\000t\000a\000t\000i\000o\000n}{}% 7
\BOOKMARK [1][-]{section.4.1}{\376\377\0004\000.\0001\000\040\000A\000u\000d\000i\000o\000M\000a\000n\000a\000g\000e\000r\000\040\000C\000l\000a\000s\000s\000\040\000R\000e\000f\000e\000r\000e\000n\000c\000e}{chapter.4}% 8
\BOOKMARK [2][-]{subsection.4.1.1}{\376\377\0004\000.\0001\000.\0001\000\040\000M\000e\000m\000b\000e\000r\000\040\000F\000u\000n\000c\000t\000i\000o\000n\000\040\000D\000o\000c\000u\000m\000e\000n\000t\000a\000t\000i\000o\000n}{section.4.1}% 9
\BOOKMARK [3][-]{subsubsection.4.1.1.1}{\376\377\0004\000.\0001\000.\0001\000.\0001\000\040\000P\000l\000a\000y\000B\000a\000s\000e\000D\000M\000G\000\050\000\051}{subsection.4.1.1}% 10
\BOOKMARK [3][-]{subsubsection.4.1.1.2}{\376\377\0004\000.\0001\000.\0001\000.\0002\000\040\000P\000l\000a\000y\000G\000a\000m\000e\000O\000v\000e\000r\000\050\000\051}{subsection.4.1.1}% 11
\BOOKMARK [3][-]{subsubsection.4.1.1.3}{\376\377\0004\000.\0001\000.\0001\000.\0003\000\040\000P\000l\000a\000y\000N\000e\000w\000W\000a\000v\000e\000\050\000\051}{subsection.4.1.1}% 12
\BOOKMARK [3][-]{subsubsection.4.1.1.4}{\376\377\0004\000.\0001\000.\0001\000.\0004\000\040\000P\000l\000a\000y\000T\000o\000w\000e\000r\000C\000o\000n\000s\000t\000r\000u\000c\000t\000e\000d\000\050\000\051}{subsection.4.1.1}% 13
\BOOKMARK [3][-]{subsubsection.4.1.1.5}{\376\377\0004\000.\0001\000.\0001\000.\0005\000\040\000P\000l\000a\000y\000T\000o\000w\000e\000r\000S\000o\000l\000d\000\050\000\051}{subsection.4.1.1}% 14
\BOOKMARK [3][-]{subsubsection.4.1.1.6}{\376\377\0004\000.\0001\000.\0001\000.\0006\000\040\000P\000l\000a\000y\000T\000o\000w\000e\000r\000U\000p\000g\000r\000a\000d\000e\000\050\000\051}{subsection.4.1.1}% 15
\BOOKMARK [3][-]{subsubsection.4.1.1.7}{\376\377\0004\000.\0001\000.\0001\000.\0007\000\040\000P\000l\000a\000y\000W\000a\000v\000e\000C\000l\000e\000a\000r\000e\000d\000\050\000\051}{subsection.4.1.1}% 16
\BOOKMARK [2][-]{subsection.4.1.2}{\376\377\0004\000.\0001\000.\0002\000\040\000M\000e\000m\000b\000e\000r\000\040\000D\000a\000t\000a\000\040\000D\000o\000c\000u\000m\000e\000n\000t\000a\000t\000i\000o\000n}{section.4.1}% 17
\BOOKMARK [3][-]{subsubsection.4.1.2.1}{\376\377\0004\000.\0001\000.\0002\000.\0001\000\040\000b\000a\000s\000e\000D\000M\000G}{subsection.4.1.2}% 18
\BOOKMARK [3][-]{subsubsection.4.1.2.2}{\376\377\0004\000.\0001\000.\0002\000.\0002\000\040\000g\000a\000m\000e\000L\000o\000s\000t\000S\000o\000u\000n\000d}{subsection.4.1.2}% 19
\BOOKMARK [3][-]{subsubsection.4.1.2.3}{\376\377\0004\000.\0001\000.\0002\000.\0003\000\040\000g\000a\000m\000e\000W\000o\000n\000S\000o\000u\000n\000d}{subsection.4.1.2}% 20
\BOOKMARK [3][-]{subsubsection.4.1.2.4}{\376\377\0004\000.\0001\000.\0002\000.\0004\000\040\000n\000e\000w\000W\000a\000v\000e\000S\000o\000u\000n\000d}{subsection.4.1.2}% 21
\BOOKMARK [3][-]{subsubsection.4.1.2.5}{\376\377\0004\000.\0001\000.\0002\000.\0005\000\040\000t\000o\000w\000e\000r\000C\000o\000n\000s\000t\000r\000u\000c\000t\000e\000d\000S\000o\000u\000n\000d}{subsection.4.1.2}% 22
\BOOKMARK [3][-]{subsubsection.4.1.2.6}{\376\377\0004\000.\0001\000.\0002\000.\0006\000\040\000t\000o\000w\000e\000r\000C\000o\000n\000s\000t\000r\000u\000c\000t\000i\000n\000g\000S\000o\000u\000n\000d}{subsection.4.1.2}% 23
\BOOKMARK [3][-]{subsubsection.4.1.2.7}{\376\377\0004\000.\0001\000.\0002\000.\0007\000\040\000t\000o\000w\000e\000r\000S\000o\000l\000d\000S\000o\000u\000n\000d}{subsection.4.1.2}% 24
\BOOKMARK [3][-]{subsubsection.4.1.2.8}{\376\377\0004\000.\0001\000.\0002\000.\0008\000\040\000t\000o\000w\000e\000r\000U\000p\000g\000r\000a\000d\000e\000d\000S\000o\000u\000n\000d}{subsection.4.1.2}% 25
\BOOKMARK [3][-]{subsubsection.4.1.2.9}{\376\377\0004\000.\0001\000.\0002\000.\0009\000\040\000w\000a\000v\000e\000C\000l\000e\000a\000r\000e\000d\000S\000o\000u\000n\000d}{subsection.4.1.2}% 26
\BOOKMARK [1][-]{section.4.2}{\376\377\0004\000.\0002\000\040\000A\000u\000t\000o\000F\000a\000d\000e\000\040\000C\000l\000a\000s\000s\000\040\000R\000e\000f\000e\000r\000e\000n\000c\000e}{chapter.4}% 27
\BOOKMARK [2][-]{subsection.4.2.1}{\376\377\0004\000.\0002\000.\0001\000\040\000M\000e\000m\000b\000e\000r\000\040\000F\000u\000n\000c\000t\000i\000o\000n\000\040\000D\000o\000c\000u\000m\000e\000n\000t\000a\000t\000i\000o\000n}{section.4.2}% 28
\BOOKMARK [3][-]{subsubsection.4.2.1.1}{\376\377\0004\000.\0002\000.\0001\000.\0001\000\040\000r\000e\000s\000e\000t\000\050\000\051}{subsection.4.2.1}% 29
\BOOKMARK [2][-]{subsection.4.2.2}{\376\377\0004\000.\0002\000.\0002\000\040\000M\000e\000m\000b\000e\000r\000\040\000D\000a\000t\000a\000\040\000D\000o\000c\000u\000m\000e\000n\000t\000a\000t\000i\000o\000n}{section.4.2}% 30
\BOOKMARK [3][-]{subsubsection.4.2.2.1}{\376\377\0004\000.\0002\000.\0002\000.\0001\000\040\000f\000a\000d\000e\000A\000m\000m\000o\000u\000n\000t}{subsection.4.2.2}% 31
\BOOKMARK [1][-]{section.4.3}{\376\377\0004\000.\0003\000\040\000B\000o\000s\000s\000S\000c\000r\000i\000p\000t\000\040\000C\000l\000a\000s\000s\000\040\000R\000e\000f\000e\000r\000e\000n\000c\000e}{chapter.4}% 32
\BOOKMARK [2][-]{subsection.4.3.1}{\376\377\0004\000.\0003\000.\0001\000\040\000M\000e\000m\000b\000e\000r\000\040\000F\000u\000n\000c\000t\000i\000o\000n\000\040\000D\000o\000c\000u\000m\000e\000n\000t\000a\000t\000i\000o\000n}{section.4.3}% 33
\BOOKMARK [3][-]{subsubsection.4.3.1.1}{\376\377\0004\000.\0003\000.\0001\000.\0001\000\040\000S\000t\000a\000r\000t\000\050\000\051}{subsection.4.3.1}% 34
\BOOKMARK [2][-]{subsection.4.3.2}{\376\377\0004\000.\0003\000.\0002\000\040\000M\000e\000m\000b\000e\000r\000\040\000D\000a\000t\000a\000\040\000D\000o\000c\000u\000m\000e\000n\000t\000a\000t\000i\000o\000n}{section.4.3}% 35
\BOOKMARK [3][-]{subsubsection.4.3.2.1}{\376\377\0004\000.\0003\000.\0002\000.\0001\000\040\000b\000a\000s\000e\000D\000M\000G}{subsection.4.3.2}% 36
\BOOKMARK [3][-]{subsubsection.4.3.2.2}{\376\377\0004\000.\0003\000.\0002\000.\0002\000\040\000d\000e\000a\000t\000h\000s\000o\000u\000n\000d}{subsection.4.3.2}% 37
\BOOKMARK [1][-]{section.4.4}{\376\377\0004\000.\0004\000\040\000B\000u\000i\000l\000d\000U\000I\000\040\000C\000l\000a\000s\000s\000\040\000R\000e\000f\000e\000r\000e\000n\000c\000e}{chapter.4}% 38
\BOOKMARK [2][-]{subsection.4.4.1}{\376\377\0004\000.\0004\000.\0001\000\040\000M\000e\000m\000b\000e\000r\000\040\000F\000u\000n\000c\000t\000i\000o\000n\000\040\000D\000o\000c\000u\000m\000e\000n\000t\000a\000t\000i\000o\000n}{section.4.4}% 39
\BOOKMARK [3][-]{subsubsection.4.4.1.1}{\376\377\0004\000.\0004\000.\0001\000.\0001\000\040\000g\000i\000v\000e\000T\000o\000w\000e\000r\000\050\000s\000t\000r\000i\000n\000g\000\040\000n\000a\000m\000e\000\051}{subsection.4.4.1}% 40
\BOOKMARK [3][-]{subsubsection.4.4.1.2}{\376\377\0004\000.\0004\000.\0001\000.\0002\000\040\000s\000e\000t\000N\000e\000x\000t\000B\000u\000y\000\050\000i\000n\000t\000\040\000p\000r\000i\000c\000e\000\051}{subsection.4.4.1}% 41
\BOOKMARK [1][-]{section.4.5}{\376\377\0004\000.\0005\000\040\000C\000a\000m\000C\000o\000n\000t\000r\000o\000l\000l\000\040\000C\000l\000a\000s\000s\000\040\000R\000e\000f\000e\000r\000e\000n\000c\000e}{chapter.4}% 42
\BOOKMARK [1][-]{section.4.6}{\376\377\0004\000.\0006\000\040\000C\000a\000m\000e\000r\000a\000F\000a\000c\000i\000n\000g\000B\000i\000l\000l\000b\000o\000a\000r\000d\000\040\000C\000l\000a\000s\000s\000\040\000R\000e\000f\000e\000r\000e\000n\000c\000e}{chapter.4}% 43
\BOOKMARK [2][-]{subsection.4.6.1}{\376\377\0004\000.\0006\000.\0001\000\040\000M\000e\000m\000b\000e\000r\000\040\000D\000a\000t\000a\000\040\000D\000o\000c\000u\000m\000e\000n\000t\000a\000t\000i\000o\000n}{section.4.6}% 44
\BOOKMARK [3][-]{subsubsection.4.6.1.1}{\376\377\0004\000.\0006\000.\0001\000.\0001\000\040\000m\000a\000i\000n\000C\000a\000m}{subsection.4.6.1}% 45
\BOOKMARK [1][-]{section.4.7}{\376\377\0004\000.\0007\000\040\000C\000a\000m\000f\000a\000d\000e\000\040\000C\000l\000a\000s\000s\000\040\000R\000e\000f\000e\000r\000e\000n\000c\000e}{chapter.4}% 46
\BOOKMARK [2][-]{subsection.4.7.1}{\376\377\0004\000.\0007\000.\0001\000\040\000M\000e\000m\000b\000e\000r\000\040\000F\000u\000n\000c\000t\000i\000o\000n\000\040\000D\000o\000c\000u\000m\000e\000n\000t\000a\000t\000i\000o\000n}{section.4.7}% 47
\BOOKMARK [3][-]{subsubsection.4.7.1.1}{\376\377\0004\000.\0007\000.\0001\000.\0001\000\040\000f\000a\000d\000e\000O\000u\000t\000\050\000\051}{subsection.4.7.1}% 48
\BOOKMARK [3][-]{subsubsection.4.7.1.2}{\376\377\0004\000.\0007\000.\0001\000.\0002\000\040\000f\000a\000d\000e\000O\000u\000t\000N\000e\000w\000S\000c\000e\000n\000e\000\050\000i\000n\000t\000\040\000s\000c\000e\000n\000e\000N\000u\000m\000\051}{subsection.4.7.1}% 49
\BOOKMARK [2][-]{subsection.4.7.2}{\376\377\0004\000.\0007\000.\0002\000\040\000M\000e\000m\000b\000e\000r\000\040\000D\000a\000t\000a\000\040\000D\000o\000c\000u\000m\000e\000n\000t\000a\000t\000i\000o\000n}{section.4.7}% 50
\BOOKMARK [3][-]{subsubsection.4.7.2.1}{\376\377\0004\000.\0007\000.\0002\000.\0001\000\040\000f\000a\000d\000e\000I\000n\000A\000t\000S\000t\000a\000r\000t}{subsection.4.7.2}% 51
\BOOKMARK [3][-]{subsubsection.4.7.2.2}{\376\377\0004\000.\0007\000.\0002\000.\0002\000\040\000f\000a\000d\000e\000O\000b\000j}{subsection.4.7.2}% 52
\BOOKMARK [1][-]{section.4.8}{\376\377\0004\000.\0008\000\040\000D\000e\000b\000u\000f\000f\000\137\000S\000l\000o\000w\000\040\000C\000l\000a\000s\000s\000\040\000R\000e\000f\000e\000r\000e\000n\000c\000e}{chapter.4}% 53
\BOOKMARK [2][-]{subsection.4.8.1}{\376\377\0004\000.\0008\000.\0001\000\040\000M\000e\000m\000b\000e\000r\000\040\000F\000u\000n\000c\000t\000i\000o\000n\000\040\000D\000o\000c\000u\000m\000e\000n\000t\000a\000t\000i\000o\000n}{section.4.8}% 54
\BOOKMARK [3][-]{subsubsection.4.8.1.1}{\376\377\0004\000.\0008\000.\0001\000.\0001\000\040\000s\000e\000t\000S\000t\000a\000t\000s\000A\000n\000d\000R\000e\000s\000e\000t\000\050\000f\000l\000o\000a\000t\000\040\000d\000u\000r\000a\000t\000i\000o\000n\000\051}{subsection.4.8.1}% 55
\BOOKMARK [3][-]{subsubsection.4.8.1.2}{\376\377\0004\000.\0008\000.\0001\000.\0002\000\040\000s\000e\000t\000S\000t\000a\000t\000s\000A\000n\000d\000S\000t\000a\000r\000t\000\050\000f\000l\000o\000a\000t\000\040\000s\000p\000d\000C\000h\000n\000g\000e\000,\000\040\000f\000l\000o\000a\000t\000\040\000d\000u\000r\000a\000t\000i\000o\000n\000\051}{subsection.4.8.1}% 56
\BOOKMARK [1][-]{section.4.9}{\376\377\0004\000.\0009\000\040\000E\000n\000e\000m\000y\000B\000a\000s\000e\000\040\000C\000l\000a\000s\000s\000\040\000R\000e\000f\000e\000r\000e\000n\000c\000e}{chapter.4}% 57
\BOOKMARK [2][-]{subsection.4.9.1}{\376\377\0004\000.\0009\000.\0001\000\040\000M\000e\000m\000b\000e\000r\000\040\000F\000u\000n\000c\000t\000i\000o\000n\000\040\000D\000o\000c\000u\000m\000e\000n\000t\000a\000t\000i\000o\000n}{section.4.9}% 58
\BOOKMARK [3][-]{subsubsection.4.9.1.1}{\376\377\0004\000.\0009\000.\0001\000.\0001\000\040\000D\000a\000m\000a\000g\000e\000E\000n\000e\000m\000y\000\050\000f\000l\000o\000a\000t\000\040\000d\000m\000g\000\051}{subsection.4.9.1}% 59
\BOOKMARK [3][-]{subsubsection.4.9.1.2}{\376\377\0004\000.\0009\000.\0001\000.\0002\000\040\000F\000a\000d\000e\000O\000u\000t\000\050\000\051}{subsection.4.9.1}% 60
\BOOKMARK [3][-]{subsubsection.4.9.1.3}{\376\377\0004\000.\0009\000.\0001\000.\0003\000\040\000S\000t\000a\000r\000t\000\050\000\051}{subsection.4.9.1}% 61
\BOOKMARK [2][-]{subsection.4.9.2}{\376\377\0004\000.\0009\000.\0002\000\040\000M\000e\000m\000b\000e\000r\000\040\000D\000a\000t\000a\000\040\000D\000o\000c\000u\000m\000e\000n\000t\000a\000t\000i\000o\000n}{section.4.9}% 62
\BOOKMARK [3][-]{subsubsection.4.9.2.1}{\376\377\0004\000.\0009\000.\0002\000.\0001\000\040\000a\000n\000i\000m}{subsection.4.9.2}% 63
\BOOKMARK [3][-]{subsubsection.4.9.2.2}{\376\377\0004\000.\0009\000.\0002\000.\0002\000\040\000a\000u\000d\000i\000o\000S\000o\000u\000r\000c\000e}{subsection.4.9.2}% 64
\BOOKMARK [3][-]{subsubsection.4.9.2.3}{\376\377\0004\000.\0009\000.\0002\000.\0003\000\040\000d\000e\000a\000t\000h\000A\000u\000d\000i\000o}{subsection.4.9.2}% 65
\BOOKMARK [3][-]{subsubsection.4.9.2.4}{\376\377\0004\000.\0009\000.\0002\000.\0004\000\040\000g\000o\000l\000d\000R\000e\000w\000a\000r\000d}{subsection.4.9.2}% 66
\BOOKMARK [3][-]{subsubsection.4.9.2.5}{\376\377\0004\000.\0009\000.\0002\000.\0005\000\040\000h\000e\000a\000l\000t\000h}{subsection.4.9.2}% 67
\BOOKMARK [3][-]{subsubsection.4.9.2.6}{\376\377\0004\000.\0009\000.\0002\000.\0006\000\040\000h\000e\000a\000l\000t\000h\000B\000a\000r}{subsection.4.9.2}% 68
\BOOKMARK [3][-]{subsubsection.4.9.2.7}{\376\377\0004\000.\0009\000.\0002\000.\0007\000\040\000i\000s\000D\000e\000a\000d}{subsection.4.9.2}% 69
\BOOKMARK [3][-]{subsubsection.4.9.2.8}{\376\377\0004\000.\0009\000.\0002\000.\0008\000\040\000m\000a\000x\000H\000e\000a\000l\000t\000h}{subsection.4.9.2}% 70
\BOOKMARK [1][-]{section.4.10}{\376\377\0004\000.\0001\0000\000\040\000W\000a\000v\000e\000D\000B\000.\000E\000n\000e\000m\000y\000D\000a\000t\000a\000\040\000C\000l\000a\000s\000s\000\040\000R\000e\000f\000e\000r\000e\000n\000c\000e}{chapter.4}% 71
\BOOKMARK [2][-]{subsection.4.10.1}{\376\377\0004\000.\0001\0000\000.\0001\000\040\000M\000e\000m\000b\000e\000r\000\040\000E\000n\000u\000m\000e\000r\000a\000t\000i\000o\000n\000\040\000D\000o\000c\000u\000m\000e\000n\000t\000a\000t\000i\000o\000n}{section.4.10}% 72
\BOOKMARK [3][-]{subsubsection.4.10.1.1}{\376\377\0004\000.\0001\0000\000.\0001\000.\0001\000\040\000E\000n\000e\000m\000y\000P\000a\000t\000h}{subsection.4.10.1}% 73
\BOOKMARK [3][-]{subsubsection.4.10.1.2}{\376\377\0004\000.\0001\0000\000.\0001\000.\0002\000\040\000E\000n\000e\000m\000y\000S\000i\000z\000e}{subsection.4.10.1}% 74
\BOOKMARK [3][-]{subsubsection.4.10.1.3}{\376\377\0004\000.\0001\0000\000.\0001\000.\0003\000\040\000E\000n\000e\000m\000y\000T\000y\000p\000e\000s}{subsection.4.10.1}% 75
\BOOKMARK [2][-]{subsection.4.10.2}{\376\377\0004\000.\0001\0000\000.\0002\000\040\000M\000e\000m\000b\000e\000r\000\040\000D\000a\000t\000a\000\040\000D\000o\000c\000u\000m\000e\000n\000t\000a\000t\000i\000o\000n}{section.4.10}% 76
\BOOKMARK [3][-]{subsubsection.4.10.2.1}{\376\377\0004\000.\0001\0000\000.\0002\000.\0001\000\040\000h\000e\000a\000l\000t\000h}{subsection.4.10.2}% 77
\BOOKMARK [3][-]{subsubsection.4.10.2.2}{\376\377\0004\000.\0001\0000\000.\0002\000.\0002\000\040\000n\000a\000m\000e}{subsection.4.10.2}% 78
\BOOKMARK [3][-]{subsubsection.4.10.2.3}{\376\377\0004\000.\0001\0000\000.\0002\000.\0003\000\040\000p\000a\000t\000h}{subsection.4.10.2}% 79
\BOOKMARK [3][-]{subsubsection.4.10.2.4}{\376\377\0004\000.\0001\0000\000.\0002\000.\0004\000\040\000s\000i\000z\000e}{subsection.4.10.2}% 80
\BOOKMARK [3][-]{subsubsection.4.10.2.5}{\376\377\0004\000.\0001\0000\000.\0002\000.\0005\000\040\000s\000p\000e\000e\000d}{subsection.4.10.2}% 81
\BOOKMARK [1][-]{section.4.11}{\376\377\0004\000.\0001\0001\000\040\000E\000n\000e\000m\000y\000M\000o\000v\000e\000m\000e\000n\000t\000\040\000C\000l\000a\000s\000s\000\040\000R\000e\000f\000e\000r\000e\000n\000c\000e}{chapter.4}% 82
\BOOKMARK [2][-]{subsection.4.11.1}{\376\377\0004\000.\0001\0001\000.\0001\000\040\000M\000e\000m\000b\000e\000r\000\040\000F\000u\000n\000c\000t\000i\000o\000n\000\040\000D\000o\000c\000u\000m\000e\000n\000t\000a\000t\000i\000o\000n}{section.4.11}% 83
\BOOKMARK [3][-]{subsubsection.4.11.1.1}{\376\377\0004\000.\0001\0001\000.\0001\000.\0001\000\040\000M\000o\000v\000e\000\050\000i\000n\000t\000\040\000e\000n\000d\000D\000M\000G\000\051}{subsection.4.11.1}% 84
\BOOKMARK [3][-]{subsubsection.4.11.1.2}{\376\377\0004\000.\0001\0001\000.\0001\000.\0002\000\040\000S\000t\000a\000r\000t\000\050\000\051}{subsection.4.11.1}% 85
\BOOKMARK [2][-]{subsection.4.11.2}{\376\377\0004\000.\0001\0001\000.\0002\000\040\000M\000e\000m\000b\000e\000r\000\040\000D\000a\000t\000a\000\040\000D\000o\000c\000u\000m\000e\000n\000t\000a\000t\000i\000o\000n}{section.4.11}% 86
\BOOKMARK [3][-]{subsubsection.4.11.2.1}{\376\377\0004\000.\0001\0001\000.\0002\000.\0001\000\040\000a\000b\000l\000e\000T\000o\000M\000o\000v\000e}{subsection.4.11.2}% 87
\BOOKMARK [3][-]{subsubsection.4.11.2.2}{\376\377\0004\000.\0001\0001\000.\0002\000.\0002\000\040\000a\000M\000a\000n\000a\000g\000e\000r}{subsection.4.11.2}% 88
\BOOKMARK [3][-]{subsubsection.4.11.2.3}{\376\377\0004\000.\0001\0001\000.\0002\000.\0003\000\040\000p\000a\000t\000h}{subsection.4.11.2}% 89
\BOOKMARK [3][-]{subsubsection.4.11.2.4}{\376\377\0004\000.\0001\0001\000.\0002\000.\0004\000\040\000r\000M\000a\000n\000a\000g\000e\000r}{subsection.4.11.2}% 90
\BOOKMARK [3][-]{subsubsection.4.11.2.5}{\376\377\0004\000.\0001\0001\000.\0002\000.\0005\000\040\000s\000M\000a\000n\000a\000g\000e\000r}{subsection.4.11.2}% 91
\BOOKMARK [3][-]{subsubsection.4.11.2.6}{\376\377\0004\000.\0001\0001\000.\0002\000.\0006\000\040\000s\000p\000e\000e\000d}{subsection.4.11.2}% 92
\BOOKMARK [3][-]{subsubsection.4.11.2.7}{\376\377\0004\000.\0001\0001\000.\0002\000.\0007\000\040\000t\000u\000r\000n\000S\000p\000e\000e\000d}{subsection.4.11.2}% 93
\BOOKMARK [1][-]{section.4.12}{\376\377\0004\000.\0001\0002\000\040\000E\000n\000e\000m\000y\000M\000u\000s\000h\000r\000o\000o\000m\000\040\000C\000l\000a\000s\000s\000\040\000R\000e\000f\000e\000r\000e\000n\000c\000e}{chapter.4}% 94
\BOOKMARK [2][-]{subsection.4.12.1}{\376\377\0004\000.\0001\0002\000.\0001\000\040\000M\000e\000m\000b\000e\000r\000\040\000F\000u\000n\000c\000t\000i\000o\000n\000\040\000D\000o\000c\000u\000m\000e\000n\000t\000a\000t\000i\000o\000n}{section.4.12}% 95
\BOOKMARK [3][-]{subsubsection.4.12.1.1}{\376\377\0004\000.\0001\0002\000.\0001\000.\0001\000\040\000S\000t\000a\000r\000t\000\050\000\051}{subsection.4.12.1}% 96
\BOOKMARK [2][-]{subsection.4.12.2}{\376\377\0004\000.\0001\0002\000.\0002\000\040\000M\000e\000m\000b\000e\000r\000\040\000D\000a\000t\000a\000\040\000D\000o\000c\000u\000m\000e\000n\000t\000a\000t\000i\000o\000n}{section.4.12}% 97
\BOOKMARK [3][-]{subsubsection.4.12.2.1}{\376\377\0004\000.\0001\0002\000.\0002\000.\0001\000\040\000b\000a\000s\000e\000D\000M\000G}{subsection.4.12.2}% 98
\BOOKMARK [3][-]{subsubsection.4.12.2.2}{\376\377\0004\000.\0001\0002\000.\0002\000.\0002\000\040\000d\000e\000a\000t\000h\000s\000o\000u\000n\000d}{subsection.4.12.2}% 99
\BOOKMARK [1][-]{section.4.13}{\376\377\0004\000.\0001\0003\000\040\000G\000a\000m\000e\000C\000o\000n\000t\000r\000o\000l\000\040\000C\000l\000a\000s\000s\000\040\000R\000e\000f\000e\000r\000e\000n\000c\000e}{chapter.4}% 100
\BOOKMARK [2][-]{subsection.4.13.1}{\376\377\0004\000.\0001\0003\000.\0001\000\040\000M\000e\000m\000b\000e\000r\000\040\000F\000u\000n\000c\000t\000i\000o\000n\000\040\000D\000o\000c\000u\000m\000e\000n\000t\000a\000t\000i\000o\000n}{section.4.13}% 101
\BOOKMARK [3][-]{subsubsection.4.13.1.1}{\376\377\0004\000.\0001\0003\000.\0001\000.\0001\000\040\000G\000a\000m\000e\000O\000v\000e\000r\000\050\000\051}{subsection.4.13.1}% 102
\BOOKMARK [3][-]{subsubsection.4.13.1.2}{\376\377\0004\000.\0001\0003\000.\0001\000.\0002\000\040\000G\000a\000m\000e\000W\000o\000n\000\050\000\051}{subsection.4.13.1}% 103
\BOOKMARK [2][-]{subsection.4.13.2}{\376\377\0004\000.\0001\0003\000.\0002\000\040\000M\000e\000m\000b\000e\000r\000\040\000D\000a\000t\000a\000\040\000D\000o\000c\000u\000m\000e\000n\000t\000a\000t\000i\000o\000n}{section.4.13}% 104
\BOOKMARK [3][-]{subsubsection.4.13.2.1}{\376\377\0004\000.\0001\0003\000.\0002\000.\0001\000\040\000a\000M\000a\000n\000a\000g\000e\000r}{subsection.4.13.2}% 105
\BOOKMARK [3][-]{subsubsection.4.13.2.2}{\376\377\0004\000.\0001\0003\000.\0002\000.\0002\000\040\000g\000a\000m\000e\000o\000v\000e\000r\000s\000c\000r\000e\000e\000n}{subsection.4.13.2}% 106
\BOOKMARK [3][-]{subsubsection.4.13.2.3}{\376\377\0004\000.\0001\0003\000.\0002\000.\0003\000\040\000w\000M\000a\000n\000a\000g\000e\000r}{subsection.4.13.2}% 107
\BOOKMARK [1][-]{section.4.14}{\376\377\0004\000.\0001\0004\000\040\000H\000e\000r\000b\000o\000S\000c\000r\000i\000p\000t\000\040\000C\000l\000a\000s\000s\000\040\000R\000e\000f\000e\000r\000e\000n\000c\000e}{chapter.4}% 108
\BOOKMARK [2][-]{subsection.4.14.1}{\376\377\0004\000.\0001\0004\000.\0001\000\040\000M\000e\000m\000b\000e\000r\000\040\000F\000u\000n\000c\000t\000i\000o\000n\000\040\000D\000o\000c\000u\000m\000e\000n\000t\000a\000t\000i\000o\000n}{section.4.14}% 109
\BOOKMARK [3][-]{subsubsection.4.14.1.1}{\376\377\0004\000.\0001\0004\000.\0001\000.\0001\000\040\000S\000t\000a\000r\000t\000\050\000\051}{subsection.4.14.1}% 110
\BOOKMARK [2][-]{subsection.4.14.2}{\376\377\0004\000.\0001\0004\000.\0002\000\040\000M\000e\000m\000b\000e\000r\000\040\000D\000a\000t\000a\000\040\000D\000o\000c\000u\000m\000e\000n\000t\000a\000t\000i\000o\000n}{section.4.14}% 111
\BOOKMARK [3][-]{subsubsection.4.14.2.1}{\376\377\0004\000.\0001\0004\000.\0002\000.\0001\000\040\000b\000a\000s\000e\000D\000M\000G}{subsection.4.14.2}% 112
\BOOKMARK [3][-]{subsubsection.4.14.2.2}{\376\377\0004\000.\0001\0004\000.\0002\000.\0002\000\040\000d\000e\000a\000t\000h\000s\000o\000u\000n\000d}{subsection.4.14.2}% 113
\BOOKMARK [1][-]{section.4.15}{\376\377\0004\000.\0001\0005\000\040\000H\000U\000D\000\040\000C\000l\000a\000s\000s\000\040\000R\000e\000f\000e\000r\000e\000n\000c\000e}{chapter.4}% 114
\BOOKMARK [2][-]{subsection.4.15.1}{\376\377\0004\000.\0001\0005\000.\0001\000\040\000M\000e\000m\000b\000e\000r\000\040\000F\000u\000n\000c\000t\000i\000o\000n\000\040\000D\000o\000c\000u\000m\000e\000n\000t\000a\000t\000i\000o\000n}{section.4.15}% 115
\BOOKMARK [3][-]{subsubsection.4.15.1.1}{\376\377\0004\000.\0001\0005\000.\0001\000.\0001\000\040\000B\000a\000c\000k\000T\000o\000M\000e\000n\000u\000\050\000\051}{subsection.4.15.1}% 116
\BOOKMARK [3][-]{subsubsection.4.15.1.2}{\376\377\0004\000.\0001\0005\000.\0001\000.\0002\000\040\000N\000e\000x\000t\000W\000a\000v\000e\000B\000u\000t\000t\000o\000n\000C\000l\000i\000c\000k\000e\000d\000\050\000\051}{subsection.4.15.1}% 117
\BOOKMARK [3][-]{subsubsection.4.15.1.3}{\376\377\0004\000.\0001\0005\000.\0001\000.\0003\000\040\000R\000e\000s\000t\000a\000r\000t\000L\000e\000v\000e\000l\000\050\000\051}{subsection.4.15.1}% 118
\BOOKMARK [2][-]{subsection.4.15.2}{\376\377\0004\000.\0001\0005\000.\0002\000\040\000M\000e\000m\000b\000e\000r\000\040\000D\000a\000t\000a\000\040\000D\000o\000c\000u\000m\000e\000n\000t\000a\000t\000i\000o\000n}{section.4.15}% 119
\BOOKMARK [3][-]{subsubsection.4.15.2.1}{\376\377\0004\000.\0001\0005\000.\0002\000.\0001\000\040\000h\000e\000a\000l\000t\000C\000o\000u\000n\000t}{subsection.4.15.2}% 120
\BOOKMARK [3][-]{subsubsection.4.15.2.2}{\376\377\0004\000.\0001\0005\000.\0002\000.\0002\000\040\000H\000U\000D\000a\000c\000t\000i\000v\000e}{subsection.4.15.2}% 121
\BOOKMARK [3][-]{subsubsection.4.15.2.3}{\376\377\0004\000.\0001\0005\000.\0002\000.\0003\000\040\000n\000e\000x\000t\000W\000a\000v\000e\000B\000u\000t\000t\000o\000n}{subsection.4.15.2}% 122
\BOOKMARK [3][-]{subsubsection.4.15.2.4}{\376\377\0004\000.\0001\0005\000.\0002\000.\0004\000\040\000r\000e\000s\000o\000u\000r\000c\000e\000C\000o\000u\000n\000t}{subsection.4.15.2}% 123
\BOOKMARK [3][-]{subsubsection.4.15.2.5}{\376\377\0004\000.\0001\0005\000.\0002\000.\0005\000\040\000s\000t\000a\000r\000t\000T\000i\000m\000e\000r}{subsection.4.15.2}% 124
\BOOKMARK [3][-]{subsubsection.4.15.2.6}{\376\377\0004\000.\0001\0005\000.\0002\000.\0006\000\040\000w\000a\000v\000e\000C\000o\000u\000n\000t}{subsection.4.15.2}% 125
\BOOKMARK [1][-]{section.4.16}{\376\377\0004\000.\0001\0006\000\040\000M\000a\000i\000n\000M\000e\000n\000u\000\040\000C\000l\000a\000s\000s\000\040\000R\000e\000f\000e\000r\000e\000n\000c\000e}{chapter.4}% 126
\BOOKMARK [2][-]{subsection.4.16.1}{\376\377\0004\000.\0001\0006\000.\0001\000\040\000M\000e\000m\000b\000e\000r\000\040\000F\000u\000n\000c\000t\000i\000o\000n\000\040\000D\000o\000c\000u\000m\000e\000n\000t\000a\000t\000i\000o\000n}{section.4.16}% 127
\BOOKMARK [3][-]{subsubsection.4.16.1.1}{\376\377\0004\000.\0001\0006\000.\0001\000.\0001\000\040\000T\000o\000C\000r\000e\000d\000i\000t\000s\000\050\000\051}{subsection.4.16.1}% 128
\BOOKMARK [3][-]{subsubsection.4.16.1.2}{\376\377\0004\000.\0001\0006\000.\0001\000.\0002\000\040\000T\000o\000F\000i\000r\000s\000t\000S\000c\000r\000e\000e\000n\000\050\000\051}{subsection.4.16.1}% 129
\BOOKMARK [3][-]{subsubsection.4.16.1.3}{\376\377\0004\000.\0001\0006\000.\0001\000.\0003\000\040\000T\000o\000L\000v\000l\000S\000e\000l\000e\000c\000t\000\050\000\051}{subsection.4.16.1}% 130
\BOOKMARK [2][-]{subsection.4.16.2}{\376\377\0004\000.\0001\0006\000.\0002\000\040\000M\000e\000m\000b\000e\000r\000\040\000D\000a\000t\000a\000\040\000D\000o\000c\000u\000m\000e\000n\000t\000a\000t\000i\000o\000n}{section.4.16}% 131
\BOOKMARK [3][-]{subsubsection.4.16.2.1}{\376\377\0004\000.\0001\0006\000.\0002\000.\0001\000\040\000c\000r\000e\000d\000i\000t\000s\000S\000c\000r\000e\000e\000n}{subsection.4.16.2}% 132
\BOOKMARK [3][-]{subsubsection.4.16.2.2}{\376\377\0004\000.\0001\0006\000.\0002\000.\0002\000\040\000f\000i\000r\000s\000t\000S\000c\000r\000e\000e\000n}{subsection.4.16.2}% 133
\BOOKMARK [3][-]{subsubsection.4.16.2.3}{\376\377\0004\000.\0001\0006\000.\0002\000.\0003\000\040\000l\000v\000l\000S\000c\000r\000e\000e\000n}{subsection.4.16.2}% 134
\BOOKMARK [1][-]{section.4.17}{\376\377\0004\000.\0001\0007\000\040\000O\000n\000e\000s\000h\000o\000t\000P\000a\000r\000t\000i\000c\000l\000e\000\040\000C\000l\000a\000s\000s\000\040\000R\000e\000f\000e\000r\000e\000n\000c\000e}{chapter.4}% 135
\BOOKMARK [2][-]{subsection.4.17.1}{\376\377\0004\000.\0001\0007\000.\0001\000\040\000M\000e\000m\000b\000e\000r\000\040\000D\000a\000t\000a\000\040\000D\000o\000c\000u\000m\000e\000n\000t\000a\000t\000i\000o\000n}{section.4.17}% 136
\BOOKMARK [3][-]{subsubsection.4.17.1.1}{\376\377\0004\000.\0001\0007\000.\0001\000.\0001\000\040\000p\000a\000r}{subsection.4.17.1}% 137
\BOOKMARK [1][-]{section.4.18}{\376\377\0004\000.\0001\0008\000\040\000P\000a\000t\000h\000S\000c\000r\000i\000p\000t\000\040\000C\000l\000a\000s\000s\000\040\000R\000e\000f\000e\000r\000e\000n\000c\000e}{chapter.4}% 138
\BOOKMARK [2][-]{subsection.4.18.1}{\376\377\0004\000.\0001\0008\000.\0001\000\040\000M\000e\000m\000b\000e\000r\000\040\000F\000u\000n\000c\000t\000i\000o\000n\000\040\000D\000o\000c\000u\000m\000e\000n\000t\000a\000t\000i\000o\000n}{section.4.18}% 139
\BOOKMARK [3][-]{subsubsection.4.18.1.1}{\376\377\0004\000.\0001\0008\000.\0001\000.\0001\000\040\000G\000e\000t\000W\000a\000y\000p\000o\000i\000n\000t\000L\000i\000s\000t\000\050\000\051}{subsection.4.18.1}% 140
\BOOKMARK [2][-]{subsection.4.18.2}{\376\377\0004\000.\0001\0008\000.\0002\000\040\000M\000e\000m\000b\000e\000r\000\040\000D\000a\000t\000a\000\040\000D\000o\000c\000u\000m\000e\000n\000t\000a\000t\000i\000o\000n}{section.4.18}% 141
\BOOKMARK [3][-]{subsubsection.4.18.2.1}{\376\377\0004\000.\0001\0008\000.\0002\000.\0001\000\040\000g\000i\000z\000m\000o\000C\000o\000l\000o\000r}{subsection.4.18.2}% 142
\BOOKMARK [3][-]{subsubsection.4.18.2.2}{\376\377\0004\000.\0001\0008\000.\0002\000.\0002\000\040\000s\000h\000o\000w\000G\000i\000z\000m\000o}{subsection.4.18.2}% 143
\BOOKMARK [3][-]{subsubsection.4.18.2.3}{\376\377\0004\000.\0001\0008\000.\0002\000.\0003\000\040\000w\000p\000L\000i\000s\000t}{subsection.4.18.2}% 144
\BOOKMARK [1][-]{section.4.19}{\376\377\0004\000.\0001\0009\000\040\000P\000l\000a\000y\000e\000r\000D\000B\000\040\000C\000l\000a\000s\000s\000\040\000R\000e\000f\000e\000r\000e\000n\000c\000e}{chapter.4}% 145
\BOOKMARK [2][-]{subsection.4.19.1}{\376\377\0004\000.\0001\0009\000.\0001\000\040\000M\000e\000m\000b\000e\000r\000\040\000D\000a\000t\000a\000\040\000D\000o\000c\000u\000m\000e\000n\000t\000a\000t\000i\000o\000n}{section.4.19}% 146
\BOOKMARK [3][-]{subsubsection.4.19.1.1}{\376\377\0004\000.\0001\0009\000.\0001\000.\0001\000\040\000g\000o\000l\000d}{subsection.4.19.1}% 147
\BOOKMARK [3][-]{subsubsection.4.19.1.2}{\376\377\0004\000.\0001\0009\000.\0001\000.\0002\000\040\000h\000e\000a\000l\000t\000h}{subsection.4.19.1}% 148
\BOOKMARK [3][-]{subsubsection.4.19.1.3}{\376\377\0004\000.\0001\0009\000.\0001\000.\0003\000\040\000m\000a\000x\000H\000e\000a\000l\000t\000h}{subsection.4.19.1}% 149
\BOOKMARK [2][-]{subsection.4.19.2}{\376\377\0004\000.\0001\0009\000.\0002\000\040\000P\000r\000o\000p\000e\000r\000t\000y\000\040\000D\000o\000c\000u\000m\000e\000n\000t\000a\000t\000i\000o\000n}{section.4.19}% 150
\BOOKMARK [3][-]{subsubsection.4.19.2.1}{\376\377\0004\000.\0001\0009\000.\0002\000.\0001\000\040\000I\000n\000s\000t\000a\000n\000c\000e}{subsection.4.19.2}% 151
\BOOKMARK [1][-]{section.4.20}{\376\377\0004\000.\0002\0000\000\040\000P\000r\000o\000j\000e\000c\000t\000i\000l\000e\000\040\000C\000l\000a\000s\000s\000\040\000R\000e\000f\000e\000r\000e\000n\000c\000e}{chapter.4}% 152
\BOOKMARK [2][-]{subsection.4.20.1}{\376\377\0004\000.\0002\0000\000.\0001\000\040\000M\000e\000m\000b\000e\000r\000\040\000F\000u\000n\000c\000t\000i\000o\000n\000\040\000D\000o\000c\000u\000m\000e\000n\000t\000a\000t\000i\000o\000n}{section.4.20}% 153
\BOOKMARK [3][-]{subsubsection.4.20.1.1}{\376\377\0004\000.\0002\0000\000.\0001\000.\0001\000\040\000s\000e\000t\000S\000t\000a\000t\000s\000\050\000T\000r\000a\000n\000s\000f\000o\000r\000m\000\040\000t\000a\000r\000,\000\040\000f\000l\000o\000a\000t\000\040\000s\000p\000d\000,\000\040\000f\000l\000o\000a\000t\000\040\000d\000m\000g\000\051}{subsection.4.20.1}% 154
\BOOKMARK [3][-]{subsubsection.4.20.1.2}{\376\377\0004\000.\0002\0000\000.\0001\000.\0002\000\040\000t\000u\000r\000n\000O\000f\000f\000\050\000\051}{subsection.4.20.1}% 155
\BOOKMARK [3][-]{subsubsection.4.20.1.3}{\376\377\0004\000.\0002\0000\000.\0001\000.\0003\000\040\000t\000u\000r\000n\000O\000n\000\050\000\051}{subsection.4.20.1}% 156
\BOOKMARK [2][-]{subsection.4.20.2}{\376\377\0004\000.\0002\0000\000.\0002\000\040\000M\000e\000m\000b\000e\000r\000\040\000D\000a\000t\000a\000\040\000D\000o\000c\000u\000m\000e\000n\000t\000a\000t\000i\000o\000n}{section.4.20}% 157
\BOOKMARK [3][-]{subsubsection.4.20.2.1}{\376\377\0004\000.\0002\0000\000.\0002\000.\0001\000\040\000b\000u\000l\000l\000M\000o\000d\000e\000l}{subsection.4.20.2}% 158
\BOOKMARK [3][-]{subsubsection.4.20.2.2}{\376\377\0004\000.\0002\0000\000.\0002\000.\0002\000\040\000e\000x\000p\000l\000o\000s\000i\000o\000n}{subsection.4.20.2}% 159
\BOOKMARK [3][-]{subsubsection.4.20.2.3}{\376\377\0004\000.\0002\0000\000.\0002\000.\0003\000\040\000i\000s\000A\000c\000t\000i\000v\000e}{subsection.4.20.2}% 160
\BOOKMARK [3][-]{subsubsection.4.20.2.4}{\376\377\0004\000.\0002\0000\000.\0002\000.\0004\000\040\000t\000r\000a\000i\000l}{subsection.4.20.2}% 161
\BOOKMARK [1][-]{section.4.21}{\376\377\0004\000.\0002\0001\000\040\000R\000e\000s\000o\000u\000r\000c\000e\000M\000a\000n\000a\000g\000e\000r\000\040\000C\000l\000a\000s\000s\000\040\000R\000e\000f\000e\000r\000e\000n\000c\000e}{chapter.4}% 162
\BOOKMARK [2][-]{subsection.4.21.1}{\376\377\0004\000.\0002\0001\000.\0001\000\040\000M\000e\000m\000b\000e\000r\000\040\000F\000u\000n\000c\000t\000i\000o\000n\000\040\000D\000o\000c\000u\000m\000e\000n\000t\000a\000t\000i\000o\000n}{section.4.21}% 163
\BOOKMARK [3][-]{subsubsection.4.21.1.1}{\376\377\0004\000.\0002\0001\000.\0001\000.\0001\000\040\000A\000d\000d\000G\000o\000l\000d\000\050\000i\000n\000t\000\040\000r\000e\000w\000a\000r\000d\000\051}{subsection.4.21.1}% 164
\BOOKMARK [3][-]{subsubsection.4.21.1.2}{\376\377\0004\000.\0002\0001\000.\0001\000.\0002\000\040\000B\000a\000s\000e\000T\000a\000k\000e\000D\000M\000G\000\050\000i\000n\000t\000\040\000d\000m\000g\000\051}{subsection.4.21.1}% 165
\BOOKMARK [3][-]{subsubsection.4.21.1.3}{\376\377\0004\000.\0002\0001\000.\0001\000.\0003\000\040\000B\000u\000i\000l\000d\000P\000a\000y\000m\000e\000n\000t\000\050\000i\000n\000t\000\040\000c\000o\000s\000t\000\051}{subsection.4.21.1}% 166
\BOOKMARK [2][-]{subsection.4.21.2}{\376\377\0004\000.\0002\0001\000.\0002\000\040\000M\000e\000m\000b\000e\000r\000\040\000D\000a\000t\000a\000\040\000D\000o\000c\000u\000m\000e\000n\000t\000a\000t\000i\000o\000n}{section.4.21}% 167
\BOOKMARK [3][-]{subsubsection.4.21.2.1}{\376\377\0004\000.\0002\0001\000.\0002\000.\0001\000\040\000g\000a\000m\000e\000C\000o\000n\000t\000r\000o\000l}{subsection.4.21.2}% 168
\BOOKMARK [3][-]{subsubsection.4.21.2.2}{\376\377\0004\000.\0002\0001\000.\0002\000.\0002\000\040\000h\000e\000a\000l\000t\000h\000G\000U\000I}{subsection.4.21.2}% 169
\BOOKMARK [3][-]{subsubsection.4.21.2.3}{\376\377\0004\000.\0002\0001\000.\0002\000.\0003\000\040\000p\000l\000a\000y\000e\000r\000D\000B}{subsection.4.21.2}% 170
\BOOKMARK [1][-]{section.4.22}{\376\377\0004\000.\0002\0002\000\040\000W\000a\000v\000e\000D\000B\000.\000R\000o\000w\000\040\000C\000l\000a\000s\000s\000\040\000R\000e\000f\000e\000r\000e\000n\000c\000e}{chapter.4}% 171
\BOOKMARK [2][-]{subsection.4.22.1}{\376\377\0004\000.\0002\0002\000.\0001\000\040\000M\000e\000m\000b\000e\000r\000\040\000D\000a\000t\000a\000\040\000D\000o\000c\000u\000m\000e\000n\000t\000a\000t\000i\000o\000n}{section.4.22}% 172
\BOOKMARK [3][-]{subsubsection.4.22.1.1}{\376\377\0004\000.\0002\0002\000.\0001\000.\0001\000\040\000e\000n\000e\000m\000i\000e\000s}{subsection.4.22.1}% 173
\BOOKMARK [3][-]{subsubsection.4.22.1.2}{\376\377\0004\000.\0002\0002\000.\0001\000.\0002\000\040\000s\000p\000a\000w\000n\000D\000e\000l\000a\000y}{subsection.4.22.1}% 174
\BOOKMARK [1][-]{section.4.23}{\376\377\0004\000.\0002\0003\000\040\000S\000p\000a\000w\000n\000M\000a\000n\000a\000g\000e\000r\000\040\000C\000l\000a\000s\000s\000\040\000R\000e\000f\000e\000r\000e\000n\000c\000e}{chapter.4}% 175
\BOOKMARK [2][-]{subsection.4.23.1}{\376\377\0004\000.\0002\0003\000.\0001\000\040\000M\000e\000m\000b\000e\000r\000\040\000F\000u\000n\000c\000t\000i\000o\000n\000\040\000D\000o\000c\000u\000m\000e\000n\000t\000a\000t\000i\000o\000n}{section.4.23}% 176
\BOOKMARK [3][-]{subsubsection.4.23.1.1}{\376\377\0004\000.\0002\0003\000.\0001\000.\0001\000\040\000S\000p\000a\000w\000n\000E\000n\000e\000m\000y\000\050\000s\000t\000r\000i\000n\000g\000\040\000n\000a\000m\000e\000,\000\040\000i\000n\000t\000\040\000p\000a\000t\000h\000,\000\040\000s\000t\000r\000i\000n\000g\000\040\000s\000i\000z\000e\000,\000\040\000f\000l\000o\000a\000t\000\040\000s\000p\000e\000e\000d\000,\000\040\000f\000l\000o\000a\000t\000\040\000h\000e\000a\000l\000t\000h\000\051}{subsection.4.23.1}% 177
\BOOKMARK [1][-]{section.4.24}{\376\377\0004\000.\0002\0004\000\040\000T\000o\000o\000l\000t\000i\000p\000A\000s\000s\000i\000g\000h\000n\000\040\000C\000l\000a\000s\000s\000\040\000R\000e\000f\000e\000r\000e\000n\000c\000e}{chapter.4}% 178
\BOOKMARK [2][-]{subsection.4.24.1}{\376\377\0004\000.\0002\0004\000.\0001\000\040\000M\000e\000m\000b\000e\000r\000\040\000D\000a\000t\000a\000\040\000D\000o\000c\000u\000m\000e\000n\000t\000a\000t\000i\000o\000n}{section.4.24}% 179
\BOOKMARK [3][-]{subsubsection.4.24.1.1}{\376\377\0004\000.\0002\0004\000.\0001\000.\0001\000\040\000t\000o\000o\000l\000t\000i\000p\000T\000e\000x\000t}{subsection.4.24.1}% 180
\BOOKMARK [1][-]{section.4.25}{\376\377\0004\000.\0002\0005\000\040\000T\000o\000o\000l\000t\000i\000p\000C\000o\000n\000t\000r\000o\000l\000\040\000C\000l\000a\000s\000s\000\040\000R\000e\000f\000e\000r\000e\000n\000c\000e}{chapter.4}% 181
\BOOKMARK [2][-]{subsection.4.25.1}{\376\377\0004\000.\0002\0005\000.\0001\000\040\000M\000e\000m\000b\000e\000r\000\040\000F\000u\000n\000c\000t\000i\000o\000n\000\040\000D\000o\000c\000u\000m\000e\000n\000t\000a\000t\000i\000o\000n}{section.4.25}% 182
\BOOKMARK [3][-]{subsubsection.4.25.1.1}{\376\377\0004\000.\0002\0005\000.\0001\000.\0001\000\040\000a\000d\000d\000N\000e\000w\000T\000e\000x\000t\000\050\000s\000t\000r\000i\000n\000g\000\040\000t\000x\000t\000\051}{subsection.4.25.1}% 183
\BOOKMARK [3][-]{subsubsection.4.25.1.2}{\376\377\0004\000.\0002\0005\000.\0001\000.\0002\000\040\000t\000u\000r\000n\000O\000f\000f\000\050\000\051}{subsection.4.25.1}% 184
\BOOKMARK [2][-]{subsection.4.25.2}{\376\377\0004\000.\0002\0005\000.\0002\000\040\000M\000e\000m\000b\000e\000r\000\040\000D\000a\000t\000a\000\040\000D\000o\000c\000u\000m\000e\000n\000t\000a\000t\000i\000o\000n}{section.4.25}% 185
\BOOKMARK [3][-]{subsubsection.4.25.2.1}{\376\377\0004\000.\0002\0005\000.\0002\000.\0001\000\040\000t\000o\000o\000l\000t\000i\000p\000F\000r\000a\000m\000e}{subsection.4.25.2}% 186
\BOOKMARK [3][-]{subsubsection.4.25.2.2}{\376\377\0004\000.\0002\0005\000.\0002\000.\0002\000\040\000t\000o\000o\000l\000t\000i\000p\000T\000e\000x\000t}{subsection.4.25.2}% 187
\BOOKMARK [1][-]{section.4.26}{\376\377\0004\000.\0002\0006\000\040\000T\000o\000w\000e\000r\000B\000a\000s\000e\000\040\000C\000l\000a\000s\000s\000\040\000R\000e\000f\000e\000r\000e\000n\000c\000e}{chapter.4}% 188
\BOOKMARK [2][-]{subsection.4.26.1}{\376\377\0004\000.\0002\0006\000.\0001\000\040\000M\000e\000m\000b\000e\000r\000\040\000F\000u\000n\000c\000t\000i\000o\000n\000\040\000D\000o\000c\000u\000m\000e\000n\000t\000a\000t\000i\000o\000n}{section.4.26}% 189
\BOOKMARK [3][-]{subsubsection.4.26.1.1}{\376\377\0004\000.\0002\0006\000.\0001\000.\0001\000\040\000f\000i\000r\000e\000T\000u\000r\000r\000e\000n\000t\000\050\000\051}{subsection.4.26.1}% 190
\BOOKMARK [3][-]{subsubsection.4.26.1.2}{\376\377\0004\000.\0002\0006\000.\0001\000.\0002\000\040\000t\000u\000r\000n\000T\000o\000w\000e\000r\000O\000n\000\050\000\051}{subsection.4.26.1}% 191
\BOOKMARK [2][-]{subsection.4.26.2}{\376\377\0004\000.\0002\0006\000.\0002\000\040\000M\000e\000m\000b\000e\000r\000\040\000D\000a\000t\000a\000\040\000D\000o\000c\000u\000m\000e\000n\000t\000a\000t\000i\000o\000n}{section.4.26}% 192
\BOOKMARK [3][-]{subsubsection.4.26.2.1}{\376\377\0004\000.\0002\0006\000.\0002\000.\0001\000\040\000a\000u\000d\000i\000o\000S\000R\000S}{subsection.4.26.2}% 193
\BOOKMARK [3][-]{subsubsection.4.26.2.2}{\376\377\0004\000.\0002\0006\000.\0002\000.\0002\000\040\000b\000a\000s\000e\000C\000o\000l\000l}{subsection.4.26.2}% 194
\BOOKMARK [3][-]{subsubsection.4.26.2.3}{\376\377\0004\000.\0002\0006\000.\0002\000.\0003\000\040\000d\000a\000m\000a\000g\000e}{subsection.4.26.2}% 195
\BOOKMARK [3][-]{subsubsection.4.26.2.4}{\376\377\0004\000.\0002\0006\000.\0002\000.\0004\000\040\000f\000i\000r\000e\000r\000a\000t\000e}{subsection.4.26.2}% 196
\BOOKMARK [3][-]{subsubsection.4.26.2.5}{\376\377\0004\000.\0002\0006\000.\0002\000.\0005\000\040\000r\000a\000n\000g\000e}{subsection.4.26.2}% 197
\BOOKMARK [3][-]{subsubsection.4.26.2.6}{\376\377\0004\000.\0002\0006\000.\0002\000.\0006\000\040\000r\000a\000n\000g\000e\000C\000o\000l\000l}{subsection.4.26.2}% 198
\BOOKMARK [3][-]{subsubsection.4.26.2.7}{\376\377\0004\000.\0002\0006\000.\0002\000.\0007\000\040\000s\000e\000l\000l\000V\000a\000l\000u\000e}{subsection.4.26.2}% 199
\BOOKMARK [3][-]{subsubsection.4.26.2.8}{\376\377\0004\000.\0002\0006\000.\0002\000.\0008\000\040\000t\000a\000r\000g\000e\000t\000s}{subsection.4.26.2}% 200
\BOOKMARK [3][-]{subsubsection.4.26.2.9}{\376\377\0004\000.\0002\0006\000.\0002\000.\0009\000\040\000t\000i\000m\000e\000T\000o\000F\000i\000r\000e}{subsection.4.26.2}% 201
\BOOKMARK [3][-]{subsubsection.4.26.2.10}{\376\377\0004\000.\0002\0006\000.\0002\000.\0001\0000\000\040\000t\000o\000w\000e\000r\000L\000v\000l}{subsection.4.26.2}% 202
\BOOKMARK [3][-]{subsubsection.4.26.2.11}{\376\377\0004\000.\0002\0006\000.\0002\000.\0001\0001\000\040\000t\000o\000w\000e\000r\000T\000y\000p\000e}{subsection.4.26.2}% 203
\BOOKMARK [3][-]{subsubsection.4.26.2.12}{\376\377\0004\000.\0002\0006\000.\0002\000.\0001\0002\000\040\000u\000p\000g\000r\000a\000d\000e\000C\000o\000s\000t}{subsection.4.26.2}% 204
\BOOKMARK [1][-]{section.4.27}{\376\377\0004\000.\0002\0007\000\040\000T\000o\000w\000e\000r\000P\000l\000a\000c\000e\000r\000\040\000C\000l\000a\000s\000s\000\040\000R\000e\000f\000e\000r\000e\000n\000c\000e}{chapter.4}% 205
\BOOKMARK [2][-]{subsection.4.27.1}{\376\377\0004\000.\0002\0007\000.\0001\000\040\000M\000e\000m\000b\000e\000r\000\040\000F\000u\000n\000c\000t\000i\000o\000n\000\040\000D\000o\000c\000u\000m\000e\000n\000t\000a\000t\000i\000o\000n}{section.4.27}% 206
\BOOKMARK [3][-]{subsubsection.4.27.1.1}{\376\377\0004\000.\0002\0007\000.\0001\000.\0001\000\040\000h\000o\000l\000d\000N\000e\000w\000O\000b\000j\000\050\000G\000a\000m\000e\000O\000b\000j\000e\000c\000t\000\040\000o\000b\000j\000,\000\040\000i\000n\000t\000\040\000p\000r\000i\000c\000e\000\051}{subsection.4.27.1}% 207
\BOOKMARK [2][-]{subsection.4.27.2}{\376\377\0004\000.\0002\0007\000.\0002\000\040\000M\000e\000m\000b\000e\000r\000\040\000D\000a\000t\000a\000\040\000D\000o\000c\000u\000m\000e\000n\000t\000a\000t\000i\000o\000n}{section.4.27}% 208
\BOOKMARK [3][-]{subsubsection.4.27.2.1}{\376\377\0004\000.\0002\0007\000.\0002\000.\0001\000\040\000a\000r\000e\000a\000I\000n\000d\000i\000c\000a\000t\000o\000r}{subsection.4.27.2}% 209
\BOOKMARK [3][-]{subsubsection.4.27.2.2}{\376\377\0004\000.\0002\0007\000.\0002\000.\0002\000\040\000p\000l\000a\000c\000e\000b\000l\000e\000M\000a\000t}{subsection.4.27.2}% 210
\BOOKMARK [3][-]{subsubsection.4.27.2.3}{\376\377\0004\000.\0002\0007\000.\0002\000.\0003\000\040\000u\000n\000p\000l\000a\000c\000e\000b\000l\000e\000M\000a\000t}{subsection.4.27.2}% 211
\BOOKMARK [1][-]{section.4.28}{\376\377\0004\000.\0002\0008\000\040\000T\000o\000w\000e\000r\000U\000p\000g\000r\000a\000d\000e\000r\000\040\000C\000l\000a\000s\000s\000\040\000R\000e\000f\000e\000r\000e\000n\000c\000e}{chapter.4}% 212
\BOOKMARK [2][-]{subsection.4.28.1}{\376\377\0004\000.\0002\0008\000.\0001\000\040\000M\000e\000m\000b\000e\000r\000\040\000F\000u\000n\000c\000t\000i\000o\000n\000\040\000D\000o\000c\000u\000m\000e\000n\000t\000a\000t\000i\000o\000n}{section.4.28}% 213
\BOOKMARK [3][-]{subsubsection.4.28.1.1}{\376\377\0004\000.\0002\0008\000.\0001\000.\0001\000\040\000s\000e\000l\000l\000T\000o\000w\000e\000r\000\050\000\051}{subsection.4.28.1}% 214
\BOOKMARK [3][-]{subsubsection.4.28.1.2}{\376\377\0004\000.\0002\0008\000.\0001\000.\0002\000\040\000s\000h\000u\000t\000D\000o\000w\000n\000\050\000\051}{subsection.4.28.1}% 215
\BOOKMARK [3][-]{subsubsection.4.28.1.3}{\376\377\0004\000.\0002\0008\000.\0001\000.\0003\000\040\000u\000p\000g\000r\000a\000d\000e\000T\000o\000w\000e\000r\000\050\000\051}{subsection.4.28.1}% 216
\BOOKMARK [2][-]{subsection.4.28.2}{\376\377\0004\000.\0002\0008\000.\0002\000\040\000M\000e\000m\000b\000e\000r\000\040\000D\000a\000t\000a\000\040\000D\000o\000c\000u\000m\000e\000n\000t\000a\000t\000i\000o\000n}{section.4.28}% 217
\BOOKMARK [3][-]{subsubsection.4.28.2.1}{\376\377\0004\000.\0002\0008\000.\0002\000.\0001\000\040\000a\000r\000e\000a\000I\000n\000d\000i\000c\000a\000t\000o\000r}{subsection.4.28.2}% 218
\BOOKMARK [3][-]{subsubsection.4.28.2.2}{\376\377\0004\000.\0002\0008\000.\0002\000.\0002\000\040\000b\000u\000i\000l\000d\000P\000a\000r\000t\000i\000c\000l\000e}{subsection.4.28.2}% 219
\BOOKMARK [3][-]{subsubsection.4.28.2.3}{\376\377\0004\000.\0002\0008\000.\0002\000.\0003\000\040\000l\000v\000l\000T\000x\000t}{subsection.4.28.2}% 220
\BOOKMARK [3][-]{subsubsection.4.28.2.4}{\376\377\0004\000.\0002\0008\000.\0002\000.\0004\000\040\000n\000a\000m\000e\000T\000x\000t}{subsection.4.28.2}% 221
\BOOKMARK [3][-]{subsubsection.4.28.2.5}{\376\377\0004\000.\0002\0008\000.\0002\000.\0005\000\040\000s\000e\000l\000l\000t\000r\000i\000g\000g\000e\000r}{subsection.4.28.2}% 222
\BOOKMARK [3][-]{subsubsection.4.28.2.6}{\376\377\0004\000.\0002\0008\000.\0002\000.\0006\000\040\000U\000p\000g\000r\000a\000d\000e\000M\000e\000n\000u}{subsection.4.28.2}% 223
\BOOKMARK [3][-]{subsubsection.4.28.2.7}{\376\377\0004\000.\0002\0008\000.\0002\000.\0007\000\040\000U\000p\000g\000r\000a\000d\000e\000t\000r\000i\000g\000g\000e\000r}{subsection.4.28.2}% 224
\BOOKMARK [1][-]{section.4.29}{\376\377\0004\000.\0002\0009\000\040\000T\000u\000r\000n\000A\000l\000i\000g\000h\000n\000\040\000C\000l\000a\000s\000s\000\040\000R\000e\000f\000e\000r\000e\000n\000c\000e}{chapter.4}% 225
\BOOKMARK [2][-]{subsection.4.29.1}{\376\377\0004\000.\0002\0009\000.\0001\000\040\000M\000e\000m\000b\000e\000r\000\040\000D\000a\000t\000a\000\040\000D\000o\000c\000u\000m\000e\000n\000t\000a\000t\000i\000o\000n}{section.4.29}% 226
\BOOKMARK [3][-]{subsubsection.4.29.1.1}{\376\377\0004\000.\0002\0009\000.\0001\000.\0001\000\040\000a\000l\000i\000g\000h\000O\000b\000j}{subsection.4.29.1}% 227
\BOOKMARK [3][-]{subsubsection.4.29.1.2}{\376\377\0004\000.\0002\0009\000.\0001\000.\0002\000\040\000i\000n\000v\000e\000r\000t}{subsection.4.29.1}% 228
\BOOKMARK [1][-]{section.4.30}{\376\377\0004\000.\0003\0000\000\040\000T\000u\000r\000r\000e\000n\000t\000L\000i\000g\000h\000t\000n\000i\000n\000g\000\040\000C\000l\000a\000s\000s\000\040\000R\000e\000f\000e\000r\000e\000n\000c\000e}{chapter.4}% 229
\BOOKMARK [2][-]{subsection.4.30.1}{\376\377\0004\000.\0003\0000\000.\0001\000\040\000M\000e\000m\000b\000e\000r\000\040\000F\000u\000n\000c\000t\000i\000o\000n\000\040\000D\000o\000c\000u\000m\000e\000n\000t\000a\000t\000i\000o\000n}{section.4.30}% 230
\BOOKMARK [3][-]{subsubsection.4.30.1.1}{\376\377\0004\000.\0003\0000\000.\0001\000.\0001\000\040\000f\000i\000r\000e\000T\000u\000r\000r\000e\000n\000t\000\050\000\051}{subsection.4.30.1}% 231
\BOOKMARK [2][-]{subsection.4.30.2}{\376\377\0004\000.\0003\0000\000.\0002\000\040\000M\000e\000m\000b\000e\000r\000\040\000D\000a\000t\000a\000\040\000D\000o\000c\000u\000m\000e\000n\000t\000a\000t\000i\000o\000n}{section.4.30}% 232
\BOOKMARK [3][-]{subsubsection.4.30.2.1}{\376\377\0004\000.\0003\0000\000.\0002\000.\0001\000\040\000b\000e\000a\000m\000P\000r\000e\000f\000a\000b}{subsection.4.30.2}% 233
\BOOKMARK [3][-]{subsubsection.4.30.2.2}{\376\377\0004\000.\0003\0000\000.\0002\000.\0002\000\040\000f\000i\000r\000e\000P\000o\000i\000n\000t}{subsection.4.30.2}% 234
\BOOKMARK [1][-]{section.4.31}{\376\377\0004\000.\0003\0001\000\040\000T\000u\000r\000r\000e\000n\000t\000P\000r\000o\000j\000e\000c\000t\000i\000l\000e\000\040\000C\000l\000a\000s\000s\000\040\000R\000e\000f\000e\000r\000e\000n\000c\000e}{chapter.4}% 235
\BOOKMARK [2][-]{subsection.4.31.1}{\376\377\0004\000.\0003\0001\000.\0001\000\040\000M\000e\000m\000b\000e\000r\000\040\000F\000u\000n\000c\000t\000i\000o\000n\000\040\000D\000o\000c\000u\000m\000e\000n\000t\000a\000t\000i\000o\000n}{section.4.31}% 236
\BOOKMARK [3][-]{subsubsection.4.31.1.1}{\376\377\0004\000.\0003\0001\000.\0001\000.\0001\000\040\000f\000i\000r\000e\000T\000u\000r\000r\000e\000n\000t\000\050\000\051}{subsection.4.31.1}% 237
\BOOKMARK [2][-]{subsection.4.31.2}{\376\377\0004\000.\0003\0001\000.\0002\000\040\000M\000e\000m\000b\000e\000r\000\040\000D\000a\000t\000a\000\040\000D\000o\000c\000u\000m\000e\000n\000t\000a\000t\000i\000o\000n}{section.4.31}% 238
\BOOKMARK [3][-]{subsubsection.4.31.2.1}{\376\377\0004\000.\0003\0001\000.\0002\000.\0001\000\040\000b\000u\000l\000l\000e\000t\000P\000r\000e\000f\000a\000b}{subsection.4.31.2}% 239
\BOOKMARK [3][-]{subsubsection.4.31.2.2}{\376\377\0004\000.\0003\0001\000.\0002\000.\0002\000\040\000b\000u\000l\000l\000e\000t\000S\000p\000e\000e\000d}{subsection.4.31.2}% 240
\BOOKMARK [3][-]{subsubsection.4.31.2.3}{\376\377\0004\000.\0003\0001\000.\0002\000.\0003\000\040\000f\000i\000r\000e\000p\000o\000i\000n\000t}{subsection.4.31.2}% 241
\BOOKMARK [1][-]{section.4.32}{\376\377\0004\000.\0003\0002\000\040\000T\000u\000r\000r\000e\000n\000t\000S\000l\000o\000w\000A\000r\000e\000a\000\040\000C\000l\000a\000s\000s\000\040\000R\000e\000f\000e\000r\000e\000n\000c\000e}{chapter.4}% 242
\BOOKMARK [2][-]{subsection.4.32.1}{\376\377\0004\000.\0003\0002\000.\0001\000\040\000M\000e\000m\000b\000e\000r\000\040\000F\000u\000n\000c\000t\000i\000o\000n\000\040\000D\000o\000c\000u\000m\000e\000n\000t\000a\000t\000i\000o\000n}{section.4.32}% 243
\BOOKMARK [3][-]{subsubsection.4.32.1.1}{\376\377\0004\000.\0003\0002\000.\0001\000.\0001\000\040\000f\000i\000r\000e\000T\000u\000r\000r\000e\000n\000t\000\050\000\051}{subsection.4.32.1}% 244
\BOOKMARK [2][-]{subsection.4.32.2}{\376\377\0004\000.\0003\0002\000.\0002\000\040\000M\000e\000m\000b\000e\000r\000\040\000D\000a\000t\000a\000\040\000D\000o\000c\000u\000m\000e\000n\000t\000a\000t\000i\000o\000n}{section.4.32}% 245
\BOOKMARK [3][-]{subsubsection.4.32.2.1}{\376\377\0004\000.\0003\0002\000.\0002\000.\0001\000\040\000e\000f\000f\000e\000c\000t\000D\000u\000r\000a\000t\000i\000o\000n}{subsection.4.32.2}% 246
\BOOKMARK [3][-]{subsubsection.4.32.2.2}{\376\377\0004\000.\0003\0002\000.\0002\000.\0002\000\040\000s\000p\000e\000e\000d\000C\000h\000a\000n\000g\000e}{subsection.4.32.2}% 247
\BOOKMARK [1][-]{section.4.33}{\376\377\0004\000.\0003\0003\000\040\000T\000u\000t\000o\000r\000i\000a\000l\000\040\000C\000l\000a\000s\000s\000\040\000R\000e\000f\000e\000r\000e\000n\000c\000e}{chapter.4}% 248
\BOOKMARK [2][-]{subsection.4.33.1}{\376\377\0004\000.\0003\0003\000.\0001\000\040\000M\000e\000m\000b\000e\000r\000\040\000F\000u\000n\000c\000t\000i\000o\000n\000\040\000D\000o\000c\000u\000m\000e\000n\000t\000a\000t\000i\000o\000n}{section.4.33}% 249
\BOOKMARK [3][-]{subsubsection.4.33.1.1}{\376\377\0004\000.\0003\0003\000.\0001\000.\0001\000\040\000N\000e\000x\000t\000\050\000\051}{subsection.4.33.1}% 250
\BOOKMARK [3][-]{subsubsection.4.33.1.2}{\376\377\0004\000.\0003\0003\000.\0001\000.\0002\000\040\000S\000e\000t\000F\000r\000a\000m\000e\000\050\000\051}{subsection.4.33.1}% 251
\BOOKMARK [3][-]{subsubsection.4.33.1.3}{\376\377\0004\000.\0003\0003\000.\0001\000.\0003\000\040\000S\000k\000i\000p\000\050\000\051}{subsection.4.33.1}% 252
\BOOKMARK [2][-]{subsection.4.33.2}{\376\377\0004\000.\0003\0003\000.\0002\000\040\000M\000e\000m\000b\000e\000r\000\040\000D\000a\000t\000a\000\040\000D\000o\000c\000u\000m\000e\000n\000t\000a\000t\000i\000o\000n}{section.4.33}% 253
\BOOKMARK [3][-]{subsubsection.4.33.2.1}{\376\377\0004\000.\0003\0003\000.\0002\000.\0001\000\040\000b\000u\000t\000t\000o\000n\000s}{subsection.4.33.2}% 254
\BOOKMARK [3][-]{subsubsection.4.33.2.2}{\376\377\0004\000.\0003\0003\000.\0002\000.\0002\000\040\000c\000u\000r\000r\000e\000n\000t\000F\000r\000a\000m\000e}{subsection.4.33.2}% 255
\BOOKMARK [3][-]{subsubsection.4.33.2.3}{\376\377\0004\000.\0003\0003\000.\0002\000.\0003\000\040\000f\000a\000d\000e\000B\000a\000c\000k}{subsection.4.33.2}% 256
\BOOKMARK [3][-]{subsubsection.4.33.2.4}{\376\377\0004\000.\0003\0003\000.\0002\000.\0004\000\040\000h\000u\000d}{subsection.4.33.2}% 257
\BOOKMARK [3][-]{subsubsection.4.33.2.5}{\376\377\0004\000.\0003\0003\000.\0002\000.\0005\000\040\000n\000e\000x\000t}{subsection.4.33.2}% 258
\BOOKMARK [3][-]{subsubsection.4.33.2.6}{\376\377\0004\000.\0003\0003\000.\0002\000.\0006\000\040\000n\000e\000x\000t\000P\000o\000s}{subsection.4.33.2}% 259
\BOOKMARK [3][-]{subsubsection.4.33.2.7}{\376\377\0004\000.\0003\0003\000.\0002\000.\0007\000\040\000r\000e\000s\000o\000u\000r\000c\000e}{subsection.4.33.2}% 260
\BOOKMARK [3][-]{subsubsection.4.33.2.8}{\376\377\0004\000.\0003\0003\000.\0002\000.\0008\000\040\000s\000k\000i\000p}{subsection.4.33.2}% 261
\BOOKMARK [3][-]{subsubsection.4.33.2.9}{\376\377\0004\000.\0003\0003\000.\0002\000.\0009\000\040\000s\000t\000a\000r\000t\000g\000a\000m\000e}{subsection.4.33.2}% 262
\BOOKMARK [3][-]{subsubsection.4.33.2.10}{\376\377\0004\000.\0003\0003\000.\0002\000.\0001\0000\000\040\000t\000u\000t\000s}{subsection.4.33.2}% 263
\BOOKMARK [3][-]{subsubsection.4.33.2.11}{\376\377\0004\000.\0003\0003\000.\0002\000.\0001\0001\000\040\000w\000a\000v\000e\000B\000u\000t\000t}{subsection.4.33.2}% 264
\BOOKMARK [3][-]{subsubsection.4.33.2.12}{\376\377\0004\000.\0003\0003\000.\0002\000.\0001\0002\000\040\000w\000a\000v\000e\000I\000n\000f\000o}{subsection.4.33.2}% 265
\BOOKMARK [1][-]{section.4.34}{\376\377\0004\000.\0003\0004\000\040\000T\000w\000o\000A\000x\000i\000s\000T\000u\000r\000r\000e\000n\000t\000\040\000C\000l\000a\000s\000s\000\040\000R\000e\000f\000e\000r\000e\000n\000c\000e}{chapter.4}% 266
\BOOKMARK [2][-]{subsection.4.34.1}{\376\377\0004\000.\0003\0004\000.\0001\000\040\000M\000e\000m\000b\000e\000r\000\040\000D\000a\000t\000a\000\040\000D\000o\000c\000u\000m\000e\000n\000t\000a\000t\000i\000o\000n}{section.4.34}% 267
\BOOKMARK [3][-]{subsubsection.4.34.1.1}{\376\377\0004\000.\0003\0004\000.\0001\000.\0001\000\040\000c\000a\000n\000n\000o\000n}{subsection.4.34.1}% 268
\BOOKMARK [3][-]{subsubsection.4.34.1.2}{\376\377\0004\000.\0003\0004\000.\0001\000.\0002\000\040\000p\000l\000a\000t\000f\000o\000r\000m}{subsection.4.34.1}% 269
\BOOKMARK [1][-]{section.4.35}{\376\377\0004\000.\0003\0005\000\040\000W\000a\000v\000e\000D\000B\000\040\000C\000l\000a\000s\000s\000\040\000R\000e\000f\000e\000r\000e\000n\000c\000e}{chapter.4}% 270
\BOOKMARK [2][-]{subsection.4.35.1}{\376\377\0004\000.\0003\0005\000.\0001\000\040\000M\000e\000m\000b\000e\000r\000\040\000D\000a\000t\000a\000\040\000D\000o\000c\000u\000m\000e\000n\000t\000a\000t\000i\000o\000n}{section.4.35}% 271
\BOOKMARK [3][-]{subsubsection.4.35.1.1}{\376\377\0004\000.\0003\0005\000.\0001\000.\0001\000\040\000c\000u\000r\000r\000e\000n\000t\000W\000a\000v\000e}{subsection.4.35.1}% 272
\BOOKMARK [3][-]{subsubsection.4.35.1.2}{\376\377\0004\000.\0003\0005\000.\0001\000.\0002\000\040\000i\000s\000S\000p\000a\000w\000n\000i\000n\000g}{subsection.4.35.1}% 273
\BOOKMARK [3][-]{subsubsection.4.35.1.3}{\376\377\0004\000.\0003\0005\000.\0001\000.\0003\000\040\000w\000a\000v\000e\000s}{subsection.4.35.1}% 274
\BOOKMARK [3][-]{subsubsection.4.35.1.4}{\376\377\0004\000.\0003\0005\000.\0001\000.\0004\000\040\000w\000a\000v\000e\000T\000i\000m\000e\000r}{subsection.4.35.1}% 275
\BOOKMARK [1][-]{section.4.36}{\376\377\0004\000.\0003\0006\000\040\000W\000a\000v\000e\000M\000a\000n\000a\000g\000e\000r\000\040\000C\000l\000a\000s\000s\000\040\000R\000e\000f\000e\000r\000e\000n\000c\000e}{chapter.4}% 276
\BOOKMARK [2][-]{subsection.4.36.1}{\376\377\0004\000.\0003\0006\000.\0001\000\040\000M\000e\000m\000b\000e\000r\000\040\000F\000u\000n\000c\000t\000i\000o\000n\000\040\000D\000o\000c\000u\000m\000e\000n\000t\000a\000t\000i\000o\000n}{section.4.36}% 277
\BOOKMARK [3][-]{subsubsection.4.36.1.1}{\376\377\0004\000.\0003\0006\000.\0001\000.\0001\000\040\000N\000e\000x\000t\000W\000a\000v\000e\000\050\000\051}{subsection.4.36.1}% 278
\BOOKMARK [3][-]{subsubsection.4.36.1.2}{\376\377\0004\000.\0003\0006\000.\0001\000.\0002\000\040\000S\000t\000a\000r\000t\000G\000a\000m\000e\000B\000u\000t\000t\000o\000n\000C\000l\000i\000c\000k\000e\000d\000\050\000\051}{subsection.4.36.1}% 279
\BOOKMARK [3][-]{subsubsection.4.36.1.3}{\376\377\0004\000.\0003\0006\000.\0001\000.\0003\000\040\000S\000t\000o\000p\000W\000a\000v\000e\000s\000\050\000\051}{subsection.4.36.1}% 280
\BOOKMARK [2][-]{subsection.4.36.2}{\376\377\0004\000.\0003\0006\000.\0002\000\040\000M\000e\000m\000b\000e\000r\000\040\000D\000a\000t\000a\000\040\000D\000o\000c\000u\000m\000e\000n\000t\000a\000t\000i\000o\000n}{section.4.36}% 281
\BOOKMARK [3][-]{subsubsection.4.36.2.1}{\376\377\0004\000.\0003\0006\000.\0002\000.\0001\000\040\000s\000t\000a\000r\000t\000D\000e\000l\000a\000y}{subsection.4.36.2}% 282
\BOOKMARK [3][-]{subsubsection.4.36.2.2}{\376\377\0004\000.\0003\0006\000.\0002\000.\0002\000\040\000w\000a\000v\000e\000D\000e\000l\000a\000y}{subsection.4.36.2}% 283
\BOOKMARK [0][-]{chapter.5}{\376\377\0005\000\040\000F\000i\000l\000e\000\040\000D\000o\000c\000u\000m\000e\000n\000t\000a\000t\000i\000o\000n}{}% 284
\BOOKMARK [1][-]{section.5.1}{\376\377\0005\000.\0001\000\040\000C\000:\000/\000U\000s\000e\000r\000s\000/\000C\000o\000e\000n\000/\000D\000o\000c\000u\000m\000e\000n\000t\000s\000/\000G\000i\000t\000H\000u\000b\000/\000P\000r\000o\000e\000v\000e\000n\000\137\000R\000e\000a\000l\000D\000e\000a\000l\000/\000T\000o\000w\000e\000r\000T\000o\000w\000e\000r\000d\000e\000f\000e\000n\000c\000e\000/\000A\000s\000s\000e\000t\000s\000/\000S\000c\000r\000i\000p\000t\000s\000/\000C\000a\000m\000e\000r\000a\000/\000A\000u\000t\000o\000F\000a\000d\000e\000.\000c\000s\000\040\000F\000i\000l\000e\000\040\000R\000e\000f\000e\000r\000e\000n\000c\000e}{chapter.5}% 285
\BOOKMARK [1][-]{section.5.2}{\376\377\0005\000.\0002\000\040\000C\000:\000/\000U\000s\000e\000r\000s\000/\000C\000o\000e\000n\000/\000D\000o\000c\000u\000m\000e\000n\000t\000s\000/\000G\000i\000t\000H\000u\000b\000/\000P\000r\000o\000e\000v\000e\000n\000\137\000R\000e\000a\000l\000D\000e\000a\000l\000/\000T\000o\000w\000e\000r\000T\000o\000w\000e\000r\000d\000e\000f\000e\000n\000c\000e\000/\000A\000s\000s\000e\000t\000s\000/\000S\000c\000r\000i\000p\000t\000s\000/\000C\000a\000m\000e\000r\000a\000/\000C\000a\000m\000C\000o\000n\000t\000r\000o\000l\000l\000.\000c\000s\000\040\000F\000i\000l\000e\000\040\000R\000e\000f\000e\000r\000e\000n\000c\000e}{chapter.5}% 286
\BOOKMARK [1][-]{section.5.3}{\376\377\0005\000.\0003\000\040\000C\000:\000/\000U\000s\000e\000r\000s\000/\000C\000o\000e\000n\000/\000D\000o\000c\000u\000m\000e\000n\000t\000s\000/\000G\000i\000t\000H\000u\000b\000/\000P\000r\000o\000e\000v\000e\000n\000\137\000R\000e\000a\000l\000D\000e\000a\000l\000/\000T\000o\000w\000e\000r\000T\000o\000w\000e\000r\000d\000e\000f\000e\000n\000c\000e\000/\000A\000s\000s\000e\000t\000s\000/\000S\000c\000r\000i\000p\000t\000s\000/\000C\000a\000m\000e\000r\000a\000/\000C\000a\000m\000f\000a\000d\000e\000.\000c\000s\000\040\000F\000i\000l\000e\000\040\000R\000e\000f\000e\000r\000e\000n\000c\000e}{chapter.5}% 287
\BOOKMARK [1][-]{section.5.4}{\376\377\0005\000.\0004\000\040\000C\000:\000/\000U\000s\000e\000r\000s\000/\000C\000o\000e\000n\000/\000D\000o\000c\000u\000m\000e\000n\000t\000s\000/\000G\000i\000t\000H\000u\000b\000/\000P\000r\000o\000e\000v\000e\000n\000\137\000R\000e\000a\000l\000D\000e\000a\000l\000/\000T\000o\000w\000e\000r\000T\000o\000w\000e\000r\000d\000e\000f\000e\000n\000c\000e\000/\000A\000s\000s\000e\000t\000s\000/\000S\000c\000r\000i\000p\000t\000s\000/\000D\000a\000t\000a\000/\000P\000l\000a\000y\000e\000r\000D\000B\000.\000c\000s\000\040\000F\000i\000l\000e\000\040\000R\000e\000f\000e\000r\000e\000n\000c\000e}{chapter.5}% 288
\BOOKMARK [1][-]{section.5.5}{\376\377\0005\000.\0005\000\040\000C\000:\000/\000U\000s\000e\000r\000s\000/\000C\000o\000e\000n\000/\000D\000o\000c\000u\000m\000e\000n\000t\000s\000/\000G\000i\000t\000H\000u\000b\000/\000P\000r\000o\000e\000v\000e\000n\000\137\000R\000e\000a\000l\000D\000e\000a\000l\000/\000T\000o\000w\000e\000r\000T\000o\000w\000e\000r\000d\000e\000f\000e\000n\000c\000e\000/\000A\000s\000s\000e\000t\000s\000/\000S\000c\000r\000i\000p\000t\000s\000/\000D\000a\000t\000a\000/\000W\000a\000v\000e\000D\000B\000.\000c\000s\000\040\000F\000i\000l\000e\000\040\000R\000e\000f\000e\000r\000e\000n\000c\000e}{chapter.5}% 289
\BOOKMARK [1][-]{section.5.6}{\376\377\0005\000.\0006\000\040\000C\000:\000/\000U\000s\000e\000r\000s\000/\000C\000o\000e\000n\000/\000D\000o\000c\000u\000m\000e\000n\000t\000s\000/\000G\000i\000t\000H\000u\000b\000/\000P\000r\000o\000e\000v\000e\000n\000\137\000R\000e\000a\000l\000D\000e\000a\000l\000/\000T\000o\000w\000e\000r\000T\000o\000w\000e\000r\000d\000e\000f\000e\000n\000c\000e\000/\000A\000s\000s\000e\000t\000s\000/\000S\000c\000r\000i\000p\000t\000s\000/\000E\000n\000e\000m\000y\000/\000B\000o\000s\000s\000S\000c\000r\000i\000p\000t\000.\000c\000s\000\040\000F\000i\000l\000e\000\040\000R\000e\000f\000e\000r\000e\000n\000c\000e}{chapter.5}% 290
\BOOKMARK [1][-]{section.5.7}{\376\377\0005\000.\0007\000\040\000C\000:\000/\000U\000s\000e\000r\000s\000/\000C\000o\000e\000n\000/\000D\000o\000c\000u\000m\000e\000n\000t\000s\000/\000G\000i\000t\000H\000u\000b\000/\000P\000r\000o\000e\000v\000e\000n\000\137\000R\000e\000a\000l\000D\000e\000a\000l\000/\000T\000o\000w\000e\000r\000T\000o\000w\000e\000r\000d\000e\000f\000e\000n\000c\000e\000/\000A\000s\000s\000e\000t\000s\000/\000S\000c\000r\000i\000p\000t\000s\000/\000E\000n\000e\000m\000y\000/\000E\000n\000e\000m\000y\000B\000a\000s\000e\000.\000c\000s\000\040\000F\000i\000l\000e\000\040\000R\000e\000f\000e\000r\000e\000n\000c\000e}{chapter.5}% 291
\BOOKMARK [1][-]{section.5.8}{\376\377\0005\000.\0008\000\040\000C\000:\000/\000U\000s\000e\000r\000s\000/\000C\000o\000e\000n\000/\000D\000o\000c\000u\000m\000e\000n\000t\000s\000/\000G\000i\000t\000H\000u\000b\000/\000P\000r\000o\000e\000v\000e\000n\000\137\000R\000e\000a\000l\000D\000e\000a\000l\000/\000T\000o\000w\000e\000r\000T\000o\000w\000e\000r\000d\000e\000f\000e\000n\000c\000e\000/\000A\000s\000s\000e\000t\000s\000/\000S\000c\000r\000i\000p\000t\000s\000/\000E\000n\000e\000m\000y\000/\000E\000n\000e\000m\000y\000M\000o\000v\000e\000m\000e\000n\000t\000.\000c\000s\000\040\000F\000i\000l\000e\000\040\000R\000e\000f\000e\000r\000e\000n\000c\000e}{chapter.5}% 292
\BOOKMARK [1][-]{section.5.9}{\376\377\0005\000.\0009\000\040\000C\000:\000/\000U\000s\000e\000r\000s\000/\000C\000o\000e\000n\000/\000D\000o\000c\000u\000m\000e\000n\000t\000s\000/\000G\000i\000t\000H\000u\000b\000/\000P\000r\000o\000e\000v\000e\000n\000\137\000R\000e\000a\000l\000D\000e\000a\000l\000/\000T\000o\000w\000e\000r\000T\000o\000w\000e\000r\000d\000e\000f\000e\000n\000c\000e\000/\000A\000s\000s\000e\000t\000s\000/\000S\000c\000r\000i\000p\000t\000s\000/\000E\000n\000e\000m\000y\000/\000E\000n\000e\000m\000y\000M\000u\000s\000h\000r\000o\000o\000m\000.\000c\000s\000\040\000F\000i\000l\000e\000\040\000R\000e\000f\000e\000r\000e\000n\000c\000e}{chapter.5}% 293
\BOOKMARK [1][-]{section.5.10}{\376\377\0005\000.\0001\0000\000\040\000C\000:\000/\000U\000s\000e\000r\000s\000/\000C\000o\000e\000n\000/\000D\000o\000c\000u\000m\000e\000n\000t\000s\000/\000G\000i\000t\000H\000u\000b\000/\000P\000r\000o\000e\000v\000e\000n\000\137\000R\000e\000a\000l\000D\000e\000a\000l\000/\000T\000o\000w\000e\000r\000T\000o\000w\000e\000r\000d\000e\000f\000e\000n\000c\000e\000/\000A\000s\000s\000e\000t\000s\000/\000S\000c\000r\000i\000p\000t\000s\000/\000E\000n\000e\000m\000y\000/\000H\000e\000r\000b\000o\000S\000c\000r\000i\000p\000t\000.\000c\000s\000\040\000F\000i\000l\000e\000\040\000R\000e\000f\000e\000r\000e\000n\000c\000e}{chapter.5}% 294
\BOOKMARK [1][-]{section.5.11}{\376\377\0005\000.\0001\0001\000\040\000C\000:\000/\000U\000s\000e\000r\000s\000/\000C\000o\000e\000n\000/\000D\000o\000c\000u\000m\000e\000n\000t\000s\000/\000G\000i\000t\000H\000u\000b\000/\000P\000r\000o\000e\000v\000e\000n\000\137\000R\000e\000a\000l\000D\000e\000a\000l\000/\000T\000o\000w\000e\000r\000T\000o\000w\000e\000r\000d\000e\000f\000e\000n\000c\000e\000/\000A\000s\000s\000e\000t\000s\000/\000S\000c\000r\000i\000p\000t\000s\000/\000G\000U\000I\000/\000B\000u\000i\000l\000d\000U\000I\000.\000c\000s\000\040\000F\000i\000l\000e\000\040\000R\000e\000f\000e\000r\000e\000n\000c\000e}{chapter.5}% 295
\BOOKMARK [1][-]{section.5.12}{\376\377\0005\000.\0001\0002\000\040\000C\000:\000/\000U\000s\000e\000r\000s\000/\000C\000o\000e\000n\000/\000D\000o\000c\000u\000m\000e\000n\000t\000s\000/\000G\000i\000t\000H\000u\000b\000/\000P\000r\000o\000e\000v\000e\000n\000\137\000R\000e\000a\000l\000D\000e\000a\000l\000/\000T\000o\000w\000e\000r\000T\000o\000w\000e\000r\000d\000e\000f\000e\000n\000c\000e\000/\000A\000s\000s\000e\000t\000s\000/\000S\000c\000r\000i\000p\000t\000s\000/\000G\000U\000I\000/\000C\000a\000m\000e\000r\000a\000F\000a\000c\000i\000n\000g\000B\000i\000l\000l\000b\000o\000a\000r\000d\000.\000c\000s\000\040\000F\000i\000l\000e\000\040\000R\000e\000f\000e\000r\000e\000n\000c\000e}{chapter.5}% 296
\BOOKMARK [1][-]{section.5.13}{\376\377\0005\000.\0001\0003\000\040\000C\000:\000/\000U\000s\000e\000r\000s\000/\000C\000o\000e\000n\000/\000D\000o\000c\000u\000m\000e\000n\000t\000s\000/\000G\000i\000t\000H\000u\000b\000/\000P\000r\000o\000e\000v\000e\000n\000\137\000R\000e\000a\000l\000D\000e\000a\000l\000/\000T\000o\000w\000e\000r\000T\000o\000w\000e\000r\000d\000e\000f\000e\000n\000c\000e\000/\000A\000s\000s\000e\000t\000s\000/\000S\000c\000r\000i\000p\000t\000s\000/\000G\000U\000I\000/\000H\000U\000D\000.\000c\000s\000\040\000F\000i\000l\000e\000\040\000R\000e\000f\000e\000r\000e\000n\000c\000e}{chapter.5}% 297
\BOOKMARK [1][-]{section.5.14}{\376\377\0005\000.\0001\0004\000\040\000C\000:\000/\000U\000s\000e\000r\000s\000/\000C\000o\000e\000n\000/\000D\000o\000c\000u\000m\000e\000n\000t\000s\000/\000G\000i\000t\000H\000u\000b\000/\000P\000r\000o\000e\000v\000e\000n\000\137\000R\000e\000a\000l\000D\000e\000a\000l\000/\000T\000o\000w\000e\000r\000T\000o\000w\000e\000r\000d\000e\000f\000e\000n\000c\000e\000/\000A\000s\000s\000e\000t\000s\000/\000S\000c\000r\000i\000p\000t\000s\000/\000G\000U\000I\000/\000T\000o\000o\000l\000t\000i\000p\000A\000s\000s\000i\000g\000h\000n\000.\000c\000s\000\040\000F\000i\000l\000e\000\040\000R\000e\000f\000e\000r\000e\000n\000c\000e}{chapter.5}% 298
\BOOKMARK [1][-]{section.5.15}{\376\377\0005\000.\0001\0005\000\040\000C\000:\000/\000U\000s\000e\000r\000s\000/\000C\000o\000e\000n\000/\000D\000o\000c\000u\000m\000e\000n\000t\000s\000/\000G\000i\000t\000H\000u\000b\000/\000P\000r\000o\000e\000v\000e\000n\000\137\000R\000e\000a\000l\000D\000e\000a\000l\000/\000T\000o\000w\000e\000r\000T\000o\000w\000e\000r\000d\000e\000f\000e\000n\000c\000e\000/\000A\000s\000s\000e\000t\000s\000/\000S\000c\000r\000i\000p\000t\000s\000/\000G\000U\000I\000/\000T\000o\000o\000l\000t\000i\000p\000C\000o\000n\000t\000r\000o\000l\000.\000c\000s\000\040\000F\000i\000l\000e\000\040\000R\000e\000f\000e\000r\000e\000n\000c\000e}{chapter.5}% 299
\BOOKMARK [1][-]{section.5.16}{\376\377\0005\000.\0001\0006\000\040\000C\000:\000/\000U\000s\000e\000r\000s\000/\000C\000o\000e\000n\000/\000D\000o\000c\000u\000m\000e\000n\000t\000s\000/\000G\000i\000t\000H\000u\000b\000/\000P\000r\000o\000e\000v\000e\000n\000\137\000R\000e\000a\000l\000D\000e\000a\000l\000/\000T\000o\000w\000e\000r\000T\000o\000w\000e\000r\000d\000e\000f\000e\000n\000c\000e\000/\000A\000s\000s\000e\000t\000s\000/\000S\000c\000r\000i\000p\000t\000s\000/\000G\000U\000I\000/\000T\000o\000w\000e\000r\000U\000p\000g\000r\000a\000d\000e\000r\000.\000c\000s\000\040\000F\000i\000l\000e\000\040\000R\000e\000f\000e\000r\000e\000n\000c\000e}{chapter.5}% 300
\BOOKMARK [1][-]{section.5.17}{\376\377\0005\000.\0001\0007\000\040\000C\000:\000/\000U\000s\000e\000r\000s\000/\000C\000o\000e\000n\000/\000D\000o\000c\000u\000m\000e\000n\000t\000s\000/\000G\000i\000t\000H\000u\000b\000/\000P\000r\000o\000e\000v\000e\000n\000\137\000R\000e\000a\000l\000D\000e\000a\000l\000/\000T\000o\000w\000e\000r\000T\000o\000w\000e\000r\000d\000e\000f\000e\000n\000c\000e\000/\000A\000s\000s\000e\000t\000s\000/\000S\000c\000r\000i\000p\000t\000s\000/\000M\000a\000i\000n\000M\000e\000n\000u\000.\000c\000s\000\040\000F\000i\000l\000e\000\040\000R\000e\000f\000e\000r\000e\000n\000c\000e}{chapter.5}% 301
\BOOKMARK [1][-]{section.5.18}{\376\377\0005\000.\0001\0008\000\040\000C\000:\000/\000U\000s\000e\000r\000s\000/\000C\000o\000e\000n\000/\000D\000o\000c\000u\000m\000e\000n\000t\000s\000/\000G\000i\000t\000H\000u\000b\000/\000P\000r\000o\000e\000v\000e\000n\000\137\000R\000e\000a\000l\000D\000e\000a\000l\000/\000T\000o\000w\000e\000r\000T\000o\000w\000e\000r\000d\000e\000f\000e\000n\000c\000e\000/\000A\000s\000s\000e\000t\000s\000/\000S\000c\000r\000i\000p\000t\000s\000/\000M\000a\000n\000a\000g\000e\000r\000s\000/\000A\000u\000d\000i\000o\000M\000a\000n\000a\000g\000e\000r\000.\000c\000s\000\040\000F\000i\000l\000e\000\040\000R\000e\000f\000e\000r\000e\000n\000c\000e}{chapter.5}% 302
\BOOKMARK [1][-]{section.5.19}{\376\377\0005\000.\0001\0009\000\040\000C\000:\000/\000U\000s\000e\000r\000s\000/\000C\000o\000e\000n\000/\000D\000o\000c\000u\000m\000e\000n\000t\000s\000/\000G\000i\000t\000H\000u\000b\000/\000P\000r\000o\000e\000v\000e\000n\000\137\000R\000e\000a\000l\000D\000e\000a\000l\000/\000T\000o\000w\000e\000r\000T\000o\000w\000e\000r\000d\000e\000f\000e\000n\000c\000e\000/\000A\000s\000s\000e\000t\000s\000/\000S\000c\000r\000i\000p\000t\000s\000/\000M\000a\000n\000a\000g\000e\000r\000s\000/\000G\000a\000m\000e\000C\000o\000n\000t\000r\000o\000l\000.\000c\000s\000\040\000F\000i\000l\000e\000\040\000R\000e\000f\000e\000r\000e\000n\000c\000e}{chapter.5}% 303
\BOOKMARK [1][-]{section.5.20}{\376\377\0005\000.\0002\0000\000\040\000C\000:\000/\000U\000s\000e\000r\000s\000/\000C\000o\000e\000n\000/\000D\000o\000c\000u\000m\000e\000n\000t\000s\000/\000G\000i\000t\000H\000u\000b\000/\000P\000r\000o\000e\000v\000e\000n\000\137\000R\000e\000a\000l\000D\000e\000a\000l\000/\000T\000o\000w\000e\000r\000T\000o\000w\000e\000r\000d\000e\000f\000e\000n\000c\000e\000/\000A\000s\000s\000e\000t\000s\000/\000S\000c\000r\000i\000p\000t\000s\000/\000M\000a\000n\000a\000g\000e\000r\000s\000/\000R\000e\000s\000o\000u\000r\000c\000e\000M\000a\000n\000a\000g\000e\000r\000.\000c\000s\000\040\000F\000i\000l\000e\000\040\000R\000e\000f\000e\000r\000e\000n\000c\000e}{chapter.5}% 304
\BOOKMARK [1][-]{section.5.21}{\376\377\0005\000.\0002\0001\000\040\000C\000:\000/\000U\000s\000e\000r\000s\000/\000C\000o\000e\000n\000/\000D\000o\000c\000u\000m\000e\000n\000t\000s\000/\000G\000i\000t\000H\000u\000b\000/\000P\000r\000o\000e\000v\000e\000n\000\137\000R\000e\000a\000l\000D\000e\000a\000l\000/\000T\000o\000w\000e\000r\000T\000o\000w\000e\000r\000d\000e\000f\000e\000n\000c\000e\000/\000A\000s\000s\000e\000t\000s\000/\000S\000c\000r\000i\000p\000t\000s\000/\000M\000a\000n\000a\000g\000e\000r\000s\000/\000S\000p\000a\000w\000n\000M\000a\000n\000a\000g\000e\000r\000.\000c\000s\000\040\000F\000i\000l\000e\000\040\000R\000e\000f\000e\000r\000e\000n\000c\000e}{chapter.5}% 305
\BOOKMARK [1][-]{section.5.22}{\376\377\0005\000.\0002\0002\000\040\000C\000:\000/\000U\000s\000e\000r\000s\000/\000C\000o\000e\000n\000/\000D\000o\000c\000u\000m\000e\000n\000t\000s\000/\000G\000i\000t\000H\000u\000b\000/\000P\000r\000o\000e\000v\000e\000n\000\137\000R\000e\000a\000l\000D\000e\000a\000l\000/\000T\000o\000w\000e\000r\000T\000o\000w\000e\000r\000d\000e\000f\000e\000n\000c\000e\000/\000A\000s\000s\000e\000t\000s\000/\000S\000c\000r\000i\000p\000t\000s\000/\000M\000a\000n\000a\000g\000e\000r\000s\000/\000W\000a\000v\000e\000M\000a\000n\000a\000g\000e\000r\000.\000c\000s\000\040\000F\000i\000l\000e\000\040\000R\000e\000f\000e\000r\000e\000n\000c\000e}{chapter.5}% 306
\BOOKMARK [1][-]{section.5.23}{\376\377\0005\000.\0002\0003\000\040\000C\000:\000/\000U\000s\000e\000r\000s\000/\000C\000o\000e\000n\000/\000D\000o\000c\000u\000m\000e\000n\000t\000s\000/\000G\000i\000t\000H\000u\000b\000/\000P\000r\000o\000e\000v\000e\000n\000\137\000R\000e\000a\000l\000D\000e\000a\000l\000/\000T\000o\000w\000e\000r\000T\000o\000w\000e\000r\000d\000e\000f\000e\000n\000c\000e\000/\000A\000s\000s\000e\000t\000s\000/\000S\000c\000r\000i\000p\000t\000s\000/\000O\000n\000e\000s\000h\000o\000t\000P\000a\000r\000t\000i\000c\000l\000e\000.\000c\000s\000\040\000F\000i\000l\000e\000\040\000R\000e\000f\000e\000r\000e\000n\000c\000e}{chapter.5}% 307
\BOOKMARK [1][-]{section.5.24}{\376\377\0005\000.\0002\0004\000\040\000C\000:\000/\000U\000s\000e\000r\000s\000/\000C\000o\000e\000n\000/\000D\000o\000c\000u\000m\000e\000n\000t\000s\000/\000G\000i\000t\000H\000u\000b\000/\000P\000r\000o\000e\000v\000e\000n\000\137\000R\000e\000a\000l\000D\000e\000a\000l\000/\000T\000o\000w\000e\000r\000T\000o\000w\000e\000r\000d\000e\000f\000e\000n\000c\000e\000/\000A\000s\000s\000e\000t\000s\000/\000S\000c\000r\000i\000p\000t\000s\000/\000O\000t\000h\000e\000r\000/\000P\000a\000t\000h\000S\000c\000r\000i\000p\000t\000.\000c\000s\000\040\000F\000i\000l\000e\000\040\000R\000e\000f\000e\000r\000e\000n\000c\000e}{chapter.5}% 308
\BOOKMARK [1][-]{section.5.25}{\376\377\0005\000.\0002\0005\000\040\000C\000:\000/\000U\000s\000e\000r\000s\000/\000C\000o\000e\000n\000/\000D\000o\000c\000u\000m\000e\000n\000t\000s\000/\000G\000i\000t\000H\000u\000b\000/\000P\000r\000o\000e\000v\000e\000n\000\137\000R\000e\000a\000l\000D\000e\000a\000l\000/\000T\000o\000w\000e\000r\000T\000o\000w\000e\000r\000d\000e\000f\000e\000n\000c\000e\000/\000A\000s\000s\000e\000t\000s\000/\000S\000c\000r\000i\000p\000t\000s\000/\000T\000o\000w\000e\000r\000S\000c\000r\000\047\000s\000/\000D\000e\000b\000u\000f\000f\000\137\000S\000l\000o\000w\000.\000c\000s\000\040\000F\000i\000l\000e\000\040\000R\000e\000f\000e\000r\000e\000n\000c\000e}{chapter.5}% 309
\BOOKMARK [1][-]{section.5.26}{\376\377\0005\000.\0002\0006\000\040\000C\000:\000/\000U\000s\000e\000r\000s\000/\000C\000o\000e\000n\000/\000D\000o\000c\000u\000m\000e\000n\000t\000s\000/\000G\000i\000t\000H\000u\000b\000/\000P\000r\000o\000e\000v\000e\000n\000\137\000R\000e\000a\000l\000D\000e\000a\000l\000/\000T\000o\000w\000e\000r\000T\000o\000w\000e\000r\000d\000e\000f\000e\000n\000c\000e\000/\000A\000s\000s\000e\000t\000s\000/\000S\000c\000r\000i\000p\000t\000s\000/\000T\000o\000w\000e\000r\000S\000c\000r\000\047\000s\000/\000P\000r\000o\000j\000e\000c\000t\000i\000l\000e\000.\000c\000s\000\040\000F\000i\000l\000e\000\040\000R\000e\000f\000e\000r\000e\000n\000c\000e}{chapter.5}% 310
\BOOKMARK [1][-]{section.5.27}{\376\377\0005\000.\0002\0007\000\040\000C\000:\000/\000U\000s\000e\000r\000s\000/\000C\000o\000e\000n\000/\000D\000o\000c\000u\000m\000e\000n\000t\000s\000/\000G\000i\000t\000H\000u\000b\000/\000P\000r\000o\000e\000v\000e\000n\000\137\000R\000e\000a\000l\000D\000e\000a\000l\000/\000T\000o\000w\000e\000r\000T\000o\000w\000e\000r\000d\000e\000f\000e\000n\000c\000e\000/\000A\000s\000s\000e\000t\000s\000/\000S\000c\000r\000i\000p\000t\000s\000/\000T\000o\000w\000e\000r\000S\000c\000r\000\047\000s\000/\000T\000o\000w\000e\000r\000B\000a\000s\000e\000.\000c\000s\000\040\000F\000i\000l\000e\000\040\000R\000e\000f\000e\000r\000e\000n\000c\000e}{chapter.5}% 311
\BOOKMARK [1][-]{section.5.28}{\376\377\0005\000.\0002\0008\000\040\000C\000:\000/\000U\000s\000e\000r\000s\000/\000C\000o\000e\000n\000/\000D\000o\000c\000u\000m\000e\000n\000t\000s\000/\000G\000i\000t\000H\000u\000b\000/\000P\000r\000o\000e\000v\000e\000n\000\137\000R\000e\000a\000l\000D\000e\000a\000l\000/\000T\000o\000w\000e\000r\000T\000o\000w\000e\000r\000d\000e\000f\000e\000n\000c\000e\000/\000A\000s\000s\000e\000t\000s\000/\000S\000c\000r\000i\000p\000t\000s\000/\000T\000o\000w\000e\000r\000S\000c\000r\000\047\000s\000/\000T\000o\000w\000e\000r\000P\000l\000a\000c\000e\000r\000.\000c\000s\000\040\000F\000i\000l\000e\000\040\000R\000e\000f\000e\000r\000e\000n\000c\000e}{chapter.5}% 312
\BOOKMARK [1][-]{section.5.29}{\376\377\0005\000.\0002\0009\000\040\000C\000:\000/\000U\000s\000e\000r\000s\000/\000C\000o\000e\000n\000/\000D\000o\000c\000u\000m\000e\000n\000t\000s\000/\000G\000i\000t\000H\000u\000b\000/\000P\000r\000o\000e\000v\000e\000n\000\137\000R\000e\000a\000l\000D\000e\000a\000l\000/\000T\000o\000w\000e\000r\000T\000o\000w\000e\000r\000d\000e\000f\000e\000n\000c\000e\000/\000A\000s\000s\000e\000t\000s\000/\000S\000c\000r\000i\000p\000t\000s\000/\000T\000o\000w\000e\000r\000S\000c\000r\000\047\000s\000/\000T\000u\000r\000n\000A\000l\000i\000g\000h\000n\000.\000c\000s\000\040\000F\000i\000l\000e\000\040\000R\000e\000f\000e\000r\000e\000n\000c\000e}{chapter.5}% 313
\BOOKMARK [1][-]{section.5.30}{\376\377\0005\000.\0003\0000\000\040\000C\000:\000/\000U\000s\000e\000r\000s\000/\000C\000o\000e\000n\000/\000D\000o\000c\000u\000m\000e\000n\000t\000s\000/\000G\000i\000t\000H\000u\000b\000/\000P\000r\000o\000e\000v\000e\000n\000\137\000R\000e\000a\000l\000D\000e\000a\000l\000/\000T\000o\000w\000e\000r\000T\000o\000w\000e\000r\000d\000e\000f\000e\000n\000c\000e\000/\000A\000s\000s\000e\000t\000s\000/\000S\000c\000r\000i\000p\000t\000s\000/\000T\000o\000w\000e\000r\000S\000c\000r\000\047\000s\000/\000T\000u\000r\000r\000e\000n\000t\000L\000i\000g\000h\000t\000n\000i\000n\000g\000.\000c\000s\000\040\000F\000i\000l\000e\000\040\000R\000e\000f\000e\000r\000e\000n\000c\000e}{chapter.5}% 314
\BOOKMARK [1][-]{section.5.31}{\376\377\0005\000.\0003\0001\000\040\000C\000:\000/\000U\000s\000e\000r\000s\000/\000C\000o\000e\000n\000/\000D\000o\000c\000u\000m\000e\000n\000t\000s\000/\000G\000i\000t\000H\000u\000b\000/\000P\000r\000o\000e\000v\000e\000n\000\137\000R\000e\000a\000l\000D\000e\000a\000l\000/\000T\000o\000w\000e\000r\000T\000o\000w\000e\000r\000d\000e\000f\000e\000n\000c\000e\000/\000A\000s\000s\000e\000t\000s\000/\000S\000c\000r\000i\000p\000t\000s\000/\000T\000o\000w\000e\000r\000S\000c\000r\000\047\000s\000/\000T\000u\000r\000r\000e\000n\000t\000P\000r\000o\000j\000e\000c\000t\000i\000l\000e\000.\000c\000s\000\040\000F\000i\000l\000e\000\040\000R\000e\000f\000e\000r\000e\000n\000c\000e}{chapter.5}% 315
\BOOKMARK [1][-]{section.5.32}{\376\377\0005\000.\0003\0002\000\040\000C\000:\000/\000U\000s\000e\000r\000s\000/\000C\000o\000e\000n\000/\000D\000o\000c\000u\000m\000e\000n\000t\000s\000/\000G\000i\000t\000H\000u\000b\000/\000P\000r\000o\000e\000v\000e\000n\000\137\000R\000e\000a\000l\000D\000e\000a\000l\000/\000T\000o\000w\000e\000r\000T\000o\000w\000e\000r\000d\000e\000f\000e\000n\000c\000e\000/\000A\000s\000s\000e\000t\000s\000/\000S\000c\000r\000i\000p\000t\000s\000/\000T\000o\000w\000e\000r\000S\000c\000r\000\047\000s\000/\000T\000u\000r\000r\000e\000n\000t\000S\000l\000o\000w\000A\000r\000e\000a\000.\000c\000s\000\040\000F\000i\000l\000e\000\040\000R\000e\000f\000e\000r\000e\000n\000c\000e}{chapter.5}% 316
\BOOKMARK [1][-]{section.5.33}{\376\377\0005\000.\0003\0003\000\040\000C\000:\000/\000U\000s\000e\000r\000s\000/\000C\000o\000e\000n\000/\000D\000o\000c\000u\000m\000e\000n\000t\000s\000/\000G\000i\000t\000H\000u\000b\000/\000P\000r\000o\000e\000v\000e\000n\000\137\000R\000e\000a\000l\000D\000e\000a\000l\000/\000T\000o\000w\000e\000r\000T\000o\000w\000e\000r\000d\000e\000f\000e\000n\000c\000e\000/\000A\000s\000s\000e\000t\000s\000/\000S\000c\000r\000i\000p\000t\000s\000/\000T\000o\000w\000e\000r\000S\000c\000r\000\047\000s\000/\000T\000w\000o\000A\000x\000i\000s\000T\000u\000r\000r\000e\000n\000t\000.\000c\000s\000\040\000F\000i\000l\000e\000\040\000R\000e\000f\000e\000r\000e\000n\000c\000e}{chapter.5}% 317
\BOOKMARK [1][-]{section.5.34}{\376\377\0005\000.\0003\0004\000\040\000C\000:\000/\000U\000s\000e\000r\000s\000/\000C\000o\000e\000n\000/\000D\000o\000c\000u\000m\000e\000n\000t\000s\000/\000G\000i\000t\000H\000u\000b\000/\000P\000r\000o\000e\000v\000e\000n\000\137\000R\000e\000a\000l\000D\000e\000a\000l\000/\000T\000o\000w\000e\000r\000T\000o\000w\000e\000r\000d\000e\000f\000e\000n\000c\000e\000/\000A\000s\000s\000e\000t\000s\000/\000S\000c\000r\000i\000p\000t\000s\000/\000T\000u\000t\000o\000r\000i\000a\000l\000.\000c\000s\000\040\000F\000i\000l\000e\000\040\000R\000e\000f\000e\000r\000e\000n\000c\000e}{chapter.5}% 318
\BOOKMARK [0][-]{section*.109}{\376\377\000I\000n\000d\000e\000x}{}% 319
